[0:0:0:0:0:0:0:1] [-] [-] [2016-04-29T11:43:43.150 -0700] [   20 ms] [200] [       1] [LAST-MOD] [/opendap/hyrax/data/nc/fnoc1.nc.dds] []
[0:0:0:0:0:0:0:1] [-] [-] [2016-04-29T11:43:43.189 -0700] [   38 ms] [200] [       2] [HTTP-GET] [/opendap/hyrax/data/nc/fnoc1.nc.dds] []
[0:0:0:0:0:0:0:1] [-] [-] [2016-04-29T11:43:43.226 -0700] [    4 ms] [200] [       3] [LAST-MOD] [/opendap/hyrax/data/nc/fnoc1.nc.das] []
[0:0:0:0:0:0:0:1] [-] [-] [2016-04-29T11:43:43.239 -0700] [   13 ms] [200] [       4] [HTTP-GET] [/opendap/hyrax/data/nc/fnoc1.nc.das] []
[0:0:0:0:0:0:0:1] [-] [-] [2016-04-29T11:43:43.318 -0700] [    6 ms] [200] [       5] [LAST-MOD] [/opendap/hyrax/data/nc/fnoc1.nc.dmr] []
[0:0:0:0:0:0:0:1] [-] [-] [2016-03-29T11:43:43.150 -0700] [   20 ms] [200] [       1] [LAST-MOD] [/opendap/hyrax/data/nc/fnoc1.nc.dds] []
[0:0:0:0:0:0:0:1] [-] [-] [2016-03-29T11:43:43.189 -0700] [   38 ms] [200] [       2] [HTTP-GET] [/opendap/hyrax/data/nc/fnoc1.nc.dds] [] 
[0:0:0:0:0:0:0:1] [-] [-] [2016-03-29T11:43:43.226 -0700] [    4 ms] [200] [       3] [LAST-MOD] [/opendap/hyrax/data/nc/fnoc1.nc.das] [] 
[0:0:0:0:0:0:0:1] [-] [-] [2016-03-29T11:43:43.239 -0700] [   13 ms] [200] [       4] [HTTP-GET] [/opendap/hyrax/data/nc/fnoc1.nc.das] [] 
[0:0:0:0:0:0:0:1] [-] [-] [2016-03-29T11:43:43.318 -0700] [    6 ms] [200] [       5] [LAST-MOD] [/opendap/hyrax/data/nc/fnoc1.nc.dmr] [] 
[0:0:0:0:0:0:0:1] [-] [-] [2016-03-29T11:43:43.329 -0700] [   11 ms] [200] [       6] [HTTP-GET] [/opendap/hyrax/data/nc/fnoc1.nc.dmr] [] 
[0:0:0:0:0:0:0:1] [-] [-] [2016-03-29T11:43:43.409 -0700] [    4 ms] [200] [       7] [LAST-MOD] [/opendap/hyrax/data/nc/fnoc1.nc.dods] [] 
[0:0:0:0:0:0:0:1] [-] [-] [2016-03-29T11:43:43.422 -0700] [   13 ms] [200] [       8] [HTTP-GET] [/opendap/hyrax/data/nc/fnoc1.nc.dods] [] 
[0:0:0:0:0:0:0:1] [-] [-] [2016-03-29T11:43:43.484 -0700] [    4 ms] [200] [       9] [LAST-MOD] [/opendap/hyrax/data/nc/fnoc1.nc.dap] [] 
[0:0:0:0:0:0:0:1] [-] [-] [2016-03-29T11:43:43.495 -0700] [   11 ms] [200] [      10] [HTTP-GET] [/opendap/hyrax/data/nc/fnoc1.nc.dap] [] 
[0:0:0:0:0:0:0:1] [-] [-] [2016-03-29T11:43:43.536 -0700] [    3 ms] [200] [      11] [LAST-MOD] [/opendap/hyrax/data/nc/fnoc1.nc.html] [] 
[0:0:0:0:0:0:0:1] [-] [-] [2016-03-29T11:43:43.543 -0700] [    7 ms] [200] [      12] [HTTP-GET] [/opendap/hyrax/data/nc/fnoc1.nc.html] [] 
[0:0:0:0:0:0:0:1] [-] [-] [2016-03-29T11:43:43.602 -0700] [    5 ms] [200] [      13] [LAST-MOD] [/opendap/hyrax/data/nc/fnoc1.nc.dds] [lat] 
[0:0:0:0:0:0:0:1] [-] [-] [2016-03-29T11:43:43.624 -0700] [   22 ms] [200] [      14] [HTTP-GET] [/opendap/hyrax/data/nc/fnoc1.nc.dds] [lat] 
[0:0:0:0:0:0:0:1] [-] [-] [2016-03-29T11:43:43.667 -0700] [    3 ms] [200] [      15] [LAST-MOD] [/opendap/hyrax/data/nc/fnoc1.nc.das] [lat] 
[0:0:0:0:0:0:0:1] [-] [-] [2016-03-29T11:43:43.672 -0700] [    5 ms] [200] [      16] [HTTP-GET] [/opendap/hyrax/data/nc/fnoc1.nc.das] [lat] 
[0:0:0:0:0:0:0:1] [-] [-] [2016-03-29T11:43:43.727 -0700] [    3 ms] [200] [      17] [LAST-MOD] [/opendap/hyrax/data/nc/fnoc1.nc.html] [lat] 
[0:0:0:0:0:0:0:1] [-] [-] [2016-03-29T11:43:43.731 -0700] [    4 ms] [200] [      18] [HTTP-GET] [/opendap/hyrax/data/nc/fnoc1.nc.html] [lat] 
[0:0:0:0:0:0:0:1] [-] [-] [2016-03-29T11:43:43.766 -0700] [    2 ms] [200] [      19] [LAST-MOD] [/opendap/hyrax/data/nc/fnoc1.nc.info] [lat] 
[0:0:0:0:0:0:0:1] [-] [-] [2016-03-29T11:43:43.774 -0700] [    8 ms] [200] [      20] [HTTP-GET] [/opendap/hyrax/data/nc/fnoc1.nc.info] [lat] 
[0:0:0:0:0:0:0:1] [-] [-] [2016-03-29T11:43:43.830 -0700] [   15 ms] [200] [      21] [LAST-MOD] [/opendap/hyrax/data/nc/fnoc1.nc.ascii] [lat] 
[0:0:0:0:0:0:0:1] [-] [-] [2016-03-29T11:43:43.838 -0700] [    7 ms] [200] [      22] [HTTP-GET] [/opendap/hyrax/data/nc/fnoc1.nc.ascii] [lat] 
[0:0:0:0:0:0:0:1] [-] [-] [2016-03-29T11:43:43.878 -0700] [    3 ms] [200] [      23] [LAST-MOD] [/opendap/hyrax/data/nc/fnoc1.nc.dods] [lat] 
[0:0:0:0:0:0:0:1] [-] [-] [2016-03-29T11:43:43.882 -0700] [    4 ms] [200] [      24] [HTTP-GET] [/opendap/hyrax/data/nc/fnoc1.nc.dods] [lat] 
[0:0:0:0:0:0:0:1] [-] [-] [2016-03-29T11:43:43.943 -0700] [    3 ms] [200] [      25] [LAST-MOD] [/opendap/hyrax/data/nc/fnoc1.nc.dmr] [dap4.ce=lat] 
[0:0:0:0:0:0:0:1] [-] [-] [2016-03-29T11:43:43.948 -0700] [    5 ms] [200] [      26] [HTTP-GET] [/opendap/hyrax/data/nc/fnoc1.nc.dmr] [dap4.ce=lat] 
[0:0:0:0:0:0:0:1] [-] [-] [2016-03-29T11:43:44.007 -0700] [    4 ms] [200] [      27] [LAST-MOD] [/opendap/hyrax/data/nc/fnoc1.nc.dmr.html] [dap4.ce=lat] 
[0:0:0:0:0:0:0:1] [-] [-] [2016-03-29T11:43:44.084 -0700] [   77 ms] [200] [      28] [HTTP-GET] [/opendap/hyrax/data/nc/fnoc1.nc.dmr.html] [dap4.ce=lat] 
[0:0:0:0:0:0:0:1] [-] [-] [2016-03-29T11:43:44.119 -0700] [    3 ms] [200] [      29] [LAST-MOD] [/opendap/hyrax/data/nc/fnoc1.nc.dmr.xml] [dap4.ce=lat] 
[0:0:0:0:0:0:0:1] [-] [-] [2016-03-29T11:43:44.129 -0700] [    9 ms] [200] [      30] [HTTP-GET] [/opendap/hyrax/data/nc/fnoc1.nc.dmr.xml] [dap4.ce=lat] 
[0:0:0:0:0:0:0:1] [-] [-] [2016-03-29T11:43:44.197 -0700] [    6 ms] [200] [      31] [LAST-MOD] [/opendap/hyrax/data/nc/fnoc1.nc.dap.csv] [dap4.ce=lat] 
[0:0:0:0:0:0:0:1] [-] [-] [2016-03-29T11:43:44.211 -0700] [   14 ms] [200] [      32] [HTTP-GET] [/opendap/hyrax/data/nc/fnoc1.nc.dap.csv] [dap4.ce=lat] 
[0:0:0:0:0:0:0:1] [-] [-] [2016-03-29T11:43:44.269 -0700] [    3 ms] [200] [      33] [LAST-MOD] [/opendap/hyrax/data/nc/fnoc1.nc.dap] [dap4.ce=lat] 
[0:0:0:0:0:0:0:1] [-] [-] [2016-03-29T11:43:44.274 -0700] [    5 ms] [200] [      34] [HTTP-GET] [/opendap/hyrax/data/nc/fnoc1.nc.dap] [dap4.ce=lat] 
[0:0:0:0:0:0:0:1] [-] [-] [2016-03-29T11:43:44.332 -0700] [   13 ms] [200] [      35] [LAST-MOD] [/opendap/hyrax/data/nc/bears.nc.dds] [] 
[0:0:0:0:0:0:0:1] [-] [-] [2016-03-29T11:43:44.342 -0700] [    9 ms] [200] [      36] [HTTP-GET] [/opendap/hyrax/data/nc/bears.nc.dds] [] 
[0:0:0:0:0:0:0:1] [-] [-] [2016-03-29T11:43:44.383 -0700] [    2 ms] [200] [      37] [LAST-MOD] [/opendap/hyrax/data/nc/bears.nc.das] [] 
[0:0:0:0:0:0:0:1] [-] [-] [2016-03-29T11:43:44.387 -0700] [    3 ms] [200] [      38] [HTTP-GET] [/opendap/hyrax/data/nc/bears.nc.das] [] 
[0:0:0:0:0:0:0:1] [-] [-] [2016-03-29T11:43:44.447 -0700] [    3 ms] [200] [      39] [LAST-MOD] [/opendap/hyrax/data/nc/bears.nc.html] [] 
[0:0:0:0:0:0:0:1] [-] [-] [2016-03-29T11:43:44.451 -0700] [    4 ms] [200] [      40] [HTTP-GET] [/opendap/hyrax/data/nc/bears.nc.html] [] 
[0:0:0:0:0:0:0:1] [-] [-] [2016-03-29T11:43:44.505 -0700] [    5 ms] [200] [      41] [LAST-MOD] [/opendap/hyrax/data/nc/bears.nc.info] [] 
[0:0:0:0:0:0:0:1] [-] [-] [2016-03-29T11:43:44.510 -0700] [    5 ms] [200] [      42] [HTTP-GET] [/opendap/hyrax/data/nc/bears.nc.info] [] 
[0:0:0:0:0:0:0:1] [-] [-] [2016-03-29T11:43:44.552 -0700] [    2 ms] [200] [      43] [LAST-MOD] [/opendap/hyrax/data/nc/bears.nc.ascii] [] 
[0:0:0:0:0:0:0:1] [-] [-] [2016-03-29T11:43:44.557 -0700] [    5 ms] [200] [      44] [HTTP-GET] [/opendap/hyrax/data/nc/bears.nc.ascii] [] 
[0:0:0:0:0:0:0:1] [-] [-] [2016-03-29T11:43:44.619 -0700] [    3 ms] [200] [      45] [LAST-MOD] [/opendap/hyrax/data/nc/bears.nc.dods] [] 
[0:0:0:0:0:0:0:1] [-] [-] [2016-03-29T11:43:44.624 -0700] [    5 ms] [200] [      46] [HTTP-GET] [/opendap/hyrax/data/nc/bears.nc.dods] [] 
[0:0:0:0:0:0:0:1] [-] [-] [2016-03-29T11:43:44.678 -0700] [   13 ms] [200] [      47] [LAST-MOD] [/opendap/hyrax/data/nc/bears.nc.dmr] [] 
[0:0:0:0:0:0:0:1] [-] [-] [2016-03-29T11:43:44.683 -0700] [    5 ms] [200] [      48] [HTTP-GET] [/opendap/hyrax/data/nc/bears.nc.dmr] [] 
[0:0:0:0:0:0:0:1] [-] [-] [2016-03-29T11:43:44.725 -0700] [    3 ms] [200] [      49] [LAST-MOD] [/opendap/hyrax/data/nc/bears.nc.dmr.html] [] 
[0:0:0:0:0:0:0:1] [-] [-] [2016-03-29T11:43:44.762 -0700] [   37 ms] [200] [      50] [HTTP-GET] [/opendap/hyrax/data/nc/bears.nc.dmr.html] [] 
[0:0:0:0:0:0:0:1] [-] [-] [2016-03-29T11:43:44.794 -0700] [    2 ms] [200] [      51] [LAST-MOD] [/opendap/hyrax/data/nc/bears.nc.dmr.xml] [] 
[0:0:0:0:0:0:0:1] [-] [-] [2016-03-29T11:43:44.798 -0700] [    4 ms] [200] [      52] [HTTP-GET] [/opendap/hyrax/data/nc/bears.nc.dmr.xml] [] 
[0:0:0:0:0:0:0:1] [-] [-] [2016-03-29T11:43:44.834 -0700] [    2 ms] [200] [      53] [LAST-MOD] [/opendap/hyrax/data/nc/bears.nc.dap.csv] [] 
[0:0:0:0:0:0:0:1] [-] [-] [2016-03-29T11:43:44.840 -0700] [    5 ms] [200] [      54] [HTTP-GET] [/opendap/hyrax/data/nc/bears.nc.dap.csv] [] 
[0:0:0:0:0:0:0:1] [-] [-] [2016-03-29T11:43:44.903 -0700] [    4 ms] [200] [      55] [LAST-MOD] [/opendap/hyrax/data/nc/bears.nc.dap] [] 
[0:0:0:0:0:0:0:1] [-] [-] [2016-03-29T11:43:44.908 -0700] [    5 ms] [200] [      56] [HTTP-GET] [/opendap/hyrax/data/nc/bears.nc.dap] [] 
[0:0:0:0:0:0:0:1] [-] [-] [2016-03-29T11:43:44.944 -0700] [    3 ms] [200] [      57] [LAST-MOD] [/opendap/hyrax/data/nc/bears.nc.dds] [bears,aloan,i] 
[0:0:0:0:0:0:0:1] [-] [-] [2016-03-29T11:43:44.949 -0700] [    5 ms] [200] [      58] [HTTP-GET] [/opendap/hyrax/data/nc/bears.nc.dds] [bears,aloan,i] 
[0:0:0:0:0:0:0:1] [-] [-] [2016-03-29T11:43:45.003 -0700] [    3 ms] [200] [      59] [LAST-MOD] [/opendap/hyrax/data/nc/bears.nc.das] [bears,aloan,i] 
[0:0:0:0:0:0:0:1] [-] [-] [2016-03-29T11:43:45.009 -0700] [    6 ms] [200] [      60] [HTTP-GET] [/opendap/hyrax/data/nc/bears.nc.das] [bears,aloan,i] 
[0:0:0:0:0:0:0:1] [-] [-] [2016-03-29T11:43:45.069 -0700] [    3 ms] [200] [      61] [LAST-MOD] [/opendap/hyrax/data/nc/bears.nc.html] [bears,aloan,i] 
[0:0:0:0:0:0:0:1] [-] [-] [2016-03-29T11:43:45.073 -0700] [    4 ms] [200] [      62] [HTTP-GET] [/opendap/hyrax/data/nc/bears.nc.html] [bears,aloan,i] 
[0:0:0:0:0:0:0:1] [-] [-] [2016-03-29T11:43:45.132 -0700] [    7 ms] [200] [      63] [LAST-MOD] [/opendap/hyrax/data/nc/bears.nc.info] [bears,aloan,i] 
[0:0:0:0:0:0:0:1] [-] [-] [2016-03-29T11:43:45.138 -0700] [    6 ms] [200] [      64] [HTTP-GET] [/opendap/hyrax/data/nc/bears.nc.info] [bears,aloan,i] 
[0:0:0:0:0:0:0:1] [-] [-] [2016-03-29T11:43:45.198 -0700] [    3 ms] [200] [      65] [LAST-MOD] [/opendap/hyrax/data/nc/bears.nc.ascii] [bears,aloan,i] 
[0:0:0:0:0:0:0:1] [-] [-] [2016-03-29T11:43:45.202 -0700] [    4 ms] [200] [      66] [HTTP-GET] [/opendap/hyrax/data/nc/bears.nc.ascii] [bears,aloan,i] 
[0:0:0:0:0:0:0:1] [-] [-] [2016-03-29T11:43:45.240 -0700] [    2 ms] [200] [      67] [LAST-MOD] [/opendap/hyrax/data/nc/bears.nc.dods] [bears,aloan,i] 
[0:0:0:0:0:0:0:1] [-] [-] [2016-03-29T11:43:45.245 -0700] [    4 ms] [200] [      68] [HTTP-GET] [/opendap/hyrax/data/nc/bears.nc.dods] [bears,aloan,i] 
[0:0:0:0:0:0:0:1] [-] [-] [2016-03-29T11:43:45.301 -0700] [    3 ms] [200] [      69] [LAST-MOD] [/opendap/hyrax/data/nc/bears.nc.dmr] [dap4.ce=bears;aloan;i] 
[0:0:0:0:0:0:0:1] [-] [-] [2016-03-29T11:43:45.306 -0700] [    5 ms] [200] [      70] [HTTP-GET] [/opendap/hyrax/data/nc/bears.nc.dmr] [dap4.ce=bears;aloan;i] 
[0:0:0:0:0:0:0:1] [-] [-] [2016-03-29T11:43:45.358 -0700] [    2 ms] [200] [      71] [LAST-MOD] [/opendap/hyrax/data/nc/bears.nc.dmr.html] [dap4.ce=bears;aloan;i] 
[0:0:0:0:0:0:0:1] [-] [-] [2016-03-29T11:43:45.391 -0700] [   33 ms] [200] [      72] [HTTP-GET] [/opendap/hyrax/data/nc/bears.nc.dmr.html] [dap4.ce=bears;aloan;i] 
[0:0:0:0:0:0:0:1] [-] [-] [2016-03-29T11:43:45.429 -0700] [    2 ms] [200] [      73] [LAST-MOD] [/opendap/hyrax/data/nc/bears.nc.dmr.xml] [dap4.ce=bears;aloan;i] 
[0:0:0:0:0:0:0:1] [-] [-] [2016-03-29T11:43:45.433 -0700] [    4 ms] [200] [      74] [HTTP-GET] [/opendap/hyrax/data/nc/bears.nc.dmr.xml] [dap4.ce=bears;aloan;i] 
[0:0:0:0:0:0:0:1] [-] [-] [2016-03-29T11:43:45.485 -0700] [    3 ms] [200] [      75] [LAST-MOD] [/opendap/hyrax/data/nc/bears.nc.dap.csv] [dap4.ce=bears;aloan;i] 
[0:0:0:0:0:0:0:1] [-] [-] [2016-03-29T11:43:45.489 -0700] [    4 ms] [200] [      76] [HTTP-GET] [/opendap/hyrax/data/nc/bears.nc.dap.csv] [dap4.ce=bears;aloan;i] 
[0:0:0:0:0:0:0:1] [-] [-] [2016-03-29T11:43:45.524 -0700] [    3 ms] [200] [      77] [LAST-MOD] [/opendap/hyrax/data/nc/bears.nc.dap] [dap4.ce=bears;aloan;i] 
[0:0:0:0:0:0:0:1] [-] [-] [2016-03-29T11:43:45.527 -0700] [    3 ms] [200] [      78] [HTTP-GET] [/opendap/hyrax/data/nc/bears.nc.dap] [dap4.ce=bears;aloan;i] 
[0:0:0:0:0:0:0:1] [-] [-] [2016-03-29T11:43:45.584 -0700] [    6 ms] [200] [      79] [LAST-MOD] [/opendap/hyrax/data/nc/zero_length_array.nc.dds] [] 
[0:0:0:0:0:0:0:1] [-] [-] [2016-03-29T11:43:45.598 -0700] [   14 ms] [200] [      80] [HTTP-GET] [/opendap/hyrax/data/nc/zero_length_array.nc.dds] [] 
[0:0:0:0:0:0:0:1] [-] [-] [2016-03-29T11:43:45.648 -0700] [    3 ms] [200] [      81] [LAST-MOD] [/opendap/hyrax/data/nc/zero_length_array.nc.dods] [] 
[0:0:0:0:0:0:0:1] [-] [-] [2016-03-29T11:43:45.662 -0700] [   14 ms] [200] [      82] [HTTP-GET] [/opendap/hyrax/data/nc/zero_length_array.nc.dods] [] 
[0:0:0:0:0:0:0:1] [-] [-] [2016-03-29T11:43:45.718 -0700] [    6 ms] [200] [      83] [LAST-MOD] [/opendap/hyrax/data/nc/zero_length_array.nc.ascii] [] 
[0:0:0:0:0:0:0:1] [-] [-] [2016-03-29T11:43:45.729 -0700] [   11 ms] [200] [      84] [HTTP-GET] [/opendap/hyrax/data/nc/zero_length_array.nc.ascii] [] 
[0:0:0:0:0:0:0:1] [-] [-] [2016-03-29T11:43:45.788 -0700] [    4 ms] [200] [      85] [LAST-MOD] [/opendap/hyrax/data/nc/zero_length_array.nc.dmr] [] 
[0:0:0:0:0:0:0:1] [-] [-] [2016-03-29T11:43:45.810 -0700] [   22 ms] [200] [      86] [HTTP-GET] [/opendap/hyrax/data/nc/zero_length_array.nc.dmr] [] 
[0:0:0:0:0:0:0:1] [-] [-] [2016-03-29T11:43:45.851 -0700] [    2 ms] [200] [      87] [LAST-MOD] [/opendap/hyrax/data/nc/zero_length_array.nc.dap] [] 
[0:0:0:0:0:0:0:1] [-] [-] [2016-03-29T11:43:45.862 -0700] [   11 ms] [200] [      88] [HTTP-GET] [/opendap/hyrax/data/nc/zero_length_array.nc.dap] [] 
[0:0:0:0:0:0:0:1] [-] [-] [2016-03-29T11:43:45.916 -0700] [    4 ms] [200] [      89] [LAST-MOD] [/opendap/hyrax/data/nc/zero_length_array.nc.dmr.xml] [] 
[0:0:0:0:0:0:0:1] [-] [-] [2016-03-29T11:43:45.923 -0700] [    7 ms] [200] [      90] [HTTP-GET] [/opendap/hyrax/data/nc/zero_length_array.nc.dmr.xml] [] 
[0:0:0:0:0:0:0:1] [-] [-] [2016-03-29T11:43:45.987 -0700] [    2 ms] [200] [      91] [LAST-MOD] [/opendap/hyrax/data/nc/zero_length_array.nc.dap.csv] [] 
[0:0:0:0:0:0:0:1] [-] [-] [2016-03-29T11:43:45.996 -0700] [    8 ms] [200] [      92] [HTTP-GET] [/opendap/hyrax/data/nc/zero_length_array.nc.dap.csv] [] 
[0:0:0:0:0:0:0:1] [-] [-] [2016-03-29T11:43:46.043 -0700] [    3 ms] [200] [      93] [LAST-MOD] [/opendap/hyrax/data/ff/1998-6-avhrr.dat.dds] [] 
[0:0:0:0:0:0:0:1] [-] [-] [2016-03-29T11:43:46.050 -0700] [    7 ms] [200] [      94] [HTTP-GET] [/opendap/hyrax/data/ff/1998-6-avhrr.dat.dds] [] 
[0:0:0:0:0:0:0:1] [-] [-] [2016-03-29T11:43:46.089 -0700] [    2 ms] [200] [      95] [LAST-MOD] [/opendap/hyrax/data/ff/1998-6-avhrr.dat.das] [] 
[0:0:0:0:0:0:0:1] [-] [-] [2016-03-29T11:43:46.093 -0700] [    4 ms] [200] [      96] [HTTP-GET] [/opendap/hyrax/data/ff/1998-6-avhrr.dat.das] [] 
[0:0:0:0:0:0:0:1] [-] [-] [2016-03-29T11:43:46.152 -0700] [    2 ms] [200] [      97] [LAST-MOD] [/opendap/hyrax/data/ff/1998-6-avhrr.dat.html] [] 
[0:0:0:0:0:0:0:1] [-] [-] [2016-03-29T11:43:46.157 -0700] [    5 ms] [200] [      98] [HTTP-GET] [/opendap/hyrax/data/ff/1998-6-avhrr.dat.html] [] 
[0:0:0:0:0:0:0:1] [-] [-] [2016-03-29T11:43:46.196 -0700] [    2 ms] [200] [      99] [LAST-MOD] [/opendap/hyrax/data/ff/1998-6-avhrr.dat.info] [] 
[0:0:0:0:0:0:0:1] [-] [-] [2016-03-29T11:43:46.200 -0700] [    4 ms] [200] [     100] [HTTP-GET] [/opendap/hyrax/data/ff/1998-6-avhrr.dat.info] [] 
[0:0:0:0:0:0:0:1] [-] [-] [2016-03-29T11:43:46.255 -0700] [    2 ms] [200] [     101] [LAST-MOD] [/opendap/hyrax/data/ff/1998-6-avhrr.dat.ascii] [] 
[0:0:0:0:0:0:0:1] [-] [-] [2016-03-29T11:43:46.261 -0700] [    6 ms] [200] [     102] [HTTP-GET] [/opendap/hyrax/data/ff/1998-6-avhrr.dat.ascii] [] 
[0:0:0:0:0:0:0:1] [-] [-] [2016-03-29T11:43:46.318 -0700] [    3 ms] [200] [     103] [LAST-MOD] [/opendap/hyrax/data/ff/1998-6-avhrr.dat.dods] [] 
[0:0:0:0:0:0:0:1] [-] [-] [2016-03-29T11:43:46.324 -0700] [    6 ms] [200] [     104] [HTTP-GET] [/opendap/hyrax/data/ff/1998-6-avhrr.dat.dods] [] 
[0:0:0:0:0:0:0:1] [-] [-] [2016-03-29T11:43:46.387 -0700] [    2 ms] [200] [     105] [LAST-MOD] [/opendap/hyrax/data/ff/1998-6-avhrr.dat.dmr] [] 
[0:0:0:0:0:0:0:1] [-] [-] [2016-03-29T11:43:46.391 -0700] [    4 ms] [200] [     106] [HTTP-GET] [/opendap/hyrax/data/ff/1998-6-avhrr.dat.dmr] [] 
[0:0:0:0:0:0:0:1] [-] [-] [2016-03-29T11:43:46.436 -0700] [   10 ms] [200] [     107] [LAST-MOD] [/opendap/hyrax/data/ff/1998-6-avhrr.dat.dmr.html] [] 
[0:0:0:0:0:0:0:1] [-] [-] [2016-03-29T11:43:46.468 -0700] [   32 ms] [200] [     108] [HTTP-GET] [/opendap/hyrax/data/ff/1998-6-avhrr.dat.dmr.html] [] 
[0:0:0:0:0:0:0:1] [-] [-] [2016-03-29T11:43:46.505 -0700] [    3 ms] [200] [     109] [LAST-MOD] [/opendap/hyrax/data/ff/1998-6-avhrr.dat.dmr.xml] [] 
[0:0:0:0:0:0:0:1] [-] [-] [2016-03-29T11:43:46.514 -0700] [    9 ms] [200] [     110] [HTTP-GET] [/opendap/hyrax/data/ff/1998-6-avhrr.dat.dmr.xml] [] 
[0:0:0:0:0:0:0:1] [-] [-] [2016-03-29T11:43:46.557 -0700] [    7 ms] [200] [     111] [LAST-MOD] [/opendap/hyrax/data/ff/1998-6-avhrr.dat.dap.csv] [] 
[0:0:0:0:0:0:0:1] [-] [-] [2016-03-29T11:43:46.571 -0700] [   14 ms] [200] [     112] [HTTP-GET] [/opendap/hyrax/data/ff/1998-6-avhrr.dat.dap.csv] [] 
[0:0:0:0:0:0:0:1] [-] [-] [2016-03-29T11:43:46.612 -0700] [    2 ms] [200] [     113] [LAST-MOD] [/opendap/hyrax/data/ff/1998-6-avhrr.dat.dap] [] 
[0:0:0:0:0:0:0:1] [-] [-] [2016-03-29T11:43:46.617 -0700] [    5 ms] [200] [     114] [HTTP-GET] [/opendap/hyrax/data/ff/1998-6-avhrr.dat.dap] [] 
[0:0:0:0:0:0:0:1] [-] [-] [2016-03-29T11:43:46.674 -0700] [    2 ms] [200] [     115] [LAST-MOD] [/opendap/hyrax/data/ff/1998-6-avhrr.dat.dds] [&GSO_AVHRR.day_num>160&GSO_AVHRR.day_num<162] 
[0:0:0:0:0:0:0:1] [-] [-] [2016-03-29T11:43:46.679 -0700] [    5 ms] [200] [     116] [HTTP-GET] [/opendap/hyrax/data/ff/1998-6-avhrr.dat.dds] [&GSO_AVHRR.day_num>160&GSO_AVHRR.day_num<162] 
[0:0:0:0:0:0:0:1] [-] [-] [2016-03-29T11:43:46.736 -0700] [    3 ms] [200] [     117] [LAST-MOD] [/opendap/hyrax/data/ff/1998-6-avhrr.dat.das] [&GSO_AVHRR.day_num>160&GSO_AVHRR.day_num<162] 
[0:0:0:0:0:0:0:1] [-] [-] [2016-03-29T11:43:46.740 -0700] [    4 ms] [200] [     118] [HTTP-GET] [/opendap/hyrax/data/ff/1998-6-avhrr.dat.das] [&GSO_AVHRR.day_num>160&GSO_AVHRR.day_num<162] 
[0:0:0:0:0:0:0:1] [-] [-] [2016-03-29T11:43:46.795 -0700] [    2 ms] [200] [     119] [LAST-MOD] [/opendap/hyrax/data/ff/1998-6-avhrr.dat.html] [&GSO_AVHRR.day_num>160&GSO_AVHRR.day_num<162] 
[0:0:0:0:0:0:0:1] [-] [-] [2016-03-29T11:43:46.798 -0700] [    3 ms] [200] [     120] [HTTP-GET] [/opendap/hyrax/data/ff/1998-6-avhrr.dat.html] [&GSO_AVHRR.day_num>160&GSO_AVHRR.day_num<162] 
[0:0:0:0:0:0:0:1] [-] [-] [2016-03-29T11:43:46.841 -0700] [    5 ms] [200] [     121] [LAST-MOD] [/opendap/hyrax/data/ff/1998-6-avhrr.dat.info] [&GSO_AVHRR.day_num>160&GSO_AVHRR.day_num<162] 
[0:0:0:0:0:0:0:1] [-] [-] [2016-03-29T11:43:46.855 -0700] [   13 ms] [200] [     122] [HTTP-GET] [/opendap/hyrax/data/ff/1998-6-avhrr.dat.info] [&GSO_AVHRR.day_num>160&GSO_AVHRR.day_num<162] 
[0:0:0:0:0:0:0:1] [-] [-] [2016-03-29T11:43:46.899 -0700] [    3 ms] [200] [     123] [LAST-MOD] [/opendap/hyrax/data/ff/1998-6-avhrr.dat.ascii] [&GSO_AVHRR.day_num>160&GSO_AVHRR.day_num<162] 
[0:0:0:0:0:0:0:1] [-] [-] [2016-03-29T11:43:46.903 -0700] [    4 ms] [200] [     124] [HTTP-GET] [/opendap/hyrax/data/ff/1998-6-avhrr.dat.ascii] [&GSO_AVHRR.day_num>160&GSO_AVHRR.day_num<162] 
[0:0:0:0:0:0:0:1] [-] [-] [2016-03-29T11:43:46.946 -0700] [    5 ms] [200] [     125] [LAST-MOD] [/opendap/hyrax/data/ff/1998-6-avhrr.dat.dods] [&GSO_AVHRR.day_num>160&GSO_AVHRR.day_num<162] 
[0:0:0:0:0:0:0:1] [-] [-] [2016-03-29T11:43:46.958 -0700] [   12 ms] [200] [     126] [HTTP-GET] [/opendap/hyrax/data/ff/1998-6-avhrr.dat.dods] [&GSO_AVHRR.day_num>160&GSO_AVHRR.day_num<162] 
[0:0:0:0:0:0:0:1] [-] [-] [2016-03-29T11:43:47.002 -0700] [    2 ms] [200] [     127] [LAST-MOD] [/opendap/hyrax/data/ff/1998-6-avhrr.dat.dmr] [dap4.ce=GSO_AVHRR|GSO_AVHRR.day_num>160,GSO_AVHRR.day_num<162] 
[0:0:0:0:0:0:0:1] [-] [-] [2016-03-29T11:43:47.006 -0700] [    4 ms] [200] [     128] [HTTP-GET] [/opendap/hyrax/data/ff/1998-6-avhrr.dat.dmr] [dap4.ce=GSO_AVHRR|GSO_AVHRR.day_num>160,GSO_AVHRR.day_num<162] 
[0:0:0:0:0:0:0:1] [-] [-] [2016-03-29T11:43:47.054 -0700] [    2 ms] [200] [     129] [LAST-MOD] [/opendap/hyrax/data/ff/1998-6-avhrr.dat.dmr.html] [dap4.ce=GSO_AVHRR|GSO_AVHRR.day_num>160,GSO_AVHRR.day_num<162] 
[0:0:0:0:0:0:0:1] [-] [-] [2016-03-29T11:43:47.083 -0700] [   29 ms] [200] [     130] [HTTP-GET] [/opendap/hyrax/data/ff/1998-6-avhrr.dat.dmr.html] [dap4.ce=GSO_AVHRR|GSO_AVHRR.day_num>160,GSO_AVHRR.day_num<162] 
[0:0:0:0:0:0:0:1] [-] [-] [2016-03-29T11:43:47.114 -0700] [    2 ms] [200] [     131] [LAST-MOD] [/opendap/hyrax/data/ff/1998-6-avhrr.dat.dmr.xml] [dap4.ce=GSO_AVHRR|GSO_AVHRR.day_num>160,GSO_AVHRR.day_num<162] 
[0:0:0:0:0:0:0:1] [-] [-] [2016-03-29T11:43:47.118 -0700] [    4 ms] [200] [     132] [HTTP-GET] [/opendap/hyrax/data/ff/1998-6-avhrr.dat.dmr.xml] [dap4.ce=GSO_AVHRR|GSO_AVHRR.day_num>160,GSO_AVHRR.day_num<162] 
[0:0:0:0:0:0:0:1] [-] [-] [2016-03-29T11:43:47.173 -0700] [    3 ms] [200] [     133] [LAST-MOD] [/opendap/hyrax/data/ff/1998-6-avhrr.dat.dap.csv] [dap4.ce=GSO_AVHRR|GSO_AVHRR.day_num>160,GSO_AVHRR.day_num<162] 
[0:0:0:0:0:0:0:1] [-] [-] [2016-03-29T11:43:47.182 -0700] [    9 ms] [200] [     134] [HTTP-GET] [/opendap/hyrax/data/ff/1998-6-avhrr.dat.dap.csv] [dap4.ce=GSO_AVHRR|GSO_AVHRR.day_num>160,GSO_AVHRR.day_num<162] 
[0:0:0:0:0:0:0:1] [-] [-] [2016-03-29T11:43:47.231 -0700] [    2 ms] [200] [     135] [LAST-MOD] [/opendap/hyrax/data/ff/1998-6-avhrr.dat.dap] [dap4.ce=GSO_AVHRR|GSO_AVHRR.day_num>160,GSO_AVHRR.day_num<162] 
[0:0:0:0:0:0:0:1] [-] [-] [2016-03-29T11:43:47.238 -0700] [    7 ms] [200] [     136] [HTTP-GET] [/opendap/hyrax/data/ff/1998-6-avhrr.dat.dap] [dap4.ce=GSO_AVHRR|GSO_AVHRR.day_num>160,GSO_AVHRR.day_num<162] 
[0:0:0:0:0:0:0:1] [-] [-] [2016-03-29T11:43:47.298 -0700] [    3 ms] [200] [     137] [LAST-MOD] [/opendap/hyrax/data/ff/1998-6-avhrr.dat.dds] [&GSO_AVHRR.day_num>160&GSO_AVHRR.day_num<170] 
[0:0:0:0:0:0:0:1] [-] [-] [2016-03-29T11:43:47.437 -0700] [  139 ms] [200] [     138] [HTTP-GET] [/opendap/hyrax/data/ff/1998-6-avhrr.dat.dds] [&GSO_AVHRR.day_num>160&GSO_AVHRR.day_num<170] 
[0:0:0:0:0:0:0:1] [-] [-] [2016-03-29T11:43:47.473 -0700] [    2 ms] [200] [     139] [LAST-MOD] [/opendap/hyrax/data/ff/1998-6-avhrr.dat.das] [&GSO_AVHRR.day_num>160&GSO_AVHRR.day_num<170] 
[0:0:0:0:0:0:0:1] [-] [-] [2016-03-29T11:43:47.477 -0700] [    4 ms] [200] [     140] [HTTP-GET] [/opendap/hyrax/data/ff/1998-6-avhrr.dat.das] [&GSO_AVHRR.day_num>160&GSO_AVHRR.day_num<170] 
[0:0:0:0:0:0:0:1] [-] [-] [2016-03-29T11:43:47.534 -0700] [    3 ms] [200] [     141] [LAST-MOD] [/opendap/hyrax/data/ff/1998-6-avhrr.dat.html] [&GSO_AVHRR.day_num>160&GSO_AVHRR.day_num<170] 
[0:0:0:0:0:0:0:1] [-] [-] [2016-03-29T11:43:47.544 -0700] [   10 ms] [200] [     142] [HTTP-GET] [/opendap/hyrax/data/ff/1998-6-avhrr.dat.html] [&GSO_AVHRR.day_num>160&GSO_AVHRR.day_num<170] 
[0:0:0:0:0:0:0:1] [-] [-] [2016-03-29T11:43:47.598 -0700] [    3 ms] [200] [     143] [LAST-MOD] [/opendap/hyrax/data/ff/1998-6-avhrr.dat.info] [&GSO_AVHRR.day_num>160&GSO_AVHRR.day_num<170] 
[0:0:0:0:0:0:0:1] [-] [-] [2016-03-29T11:43:47.603 -0700] [    5 ms] [200] [     144] [HTTP-GET] [/opendap/hyrax/data/ff/1998-6-avhrr.dat.info] [&GSO_AVHRR.day_num>160&GSO_AVHRR.day_num<170] 
[0:0:0:0:0:0:0:1] [-] [-] [2016-03-29T11:43:47.659 -0700] [    2 ms] [200] [     145] [LAST-MOD] [/opendap/hyrax/data/ff/1998-6-avhrr.dat.ascii] [&GSO_AVHRR.day_num>160&GSO_AVHRR.day_num<170] 
[0:0:0:0:0:0:0:1] [-] [-] [2016-03-29T11:43:47.664 -0700] [    5 ms] [200] [     146] [HTTP-GET] [/opendap/hyrax/data/ff/1998-6-avhrr.dat.ascii] [&GSO_AVHRR.day_num>160&GSO_AVHRR.day_num<170] 
[0:0:0:0:0:0:0:1] [-] [-] [2016-03-29T11:43:47.700 -0700] [    2 ms] [200] [     147] [LAST-MOD] [/opendap/hyrax/data/ff/1998-6-avhrr.dat.dods] [&GSO_AVHRR.day_num>160&GSO_AVHRR.day_num<170] 
[0:0:0:0:0:0:0:1] [-] [-] [2016-03-29T11:43:47.705 -0700] [    5 ms] [200] [     148] [HTTP-GET] [/opendap/hyrax/data/ff/1998-6-avhrr.dat.dods] [&GSO_AVHRR.day_num>160&GSO_AVHRR.day_num<170] 
[0:0:0:0:0:0:0:1] [-] [-] [2016-03-29T11:43:47.770 -0700] [    7 ms] [200] [     149] [LAST-MOD] [/opendap/hyrax/data/ff/1998-6-avhrr.dat.dmr] [dap4.ce=GSO_AVHRR|160<GSO_AVHRR.day_num<170] 
[0:0:0:0:0:0:0:1] [-] [-] [2016-03-29T11:43:47.774 -0700] [    4 ms] [200] [     150] [HTTP-GET] [/opendap/hyrax/data/ff/1998-6-avhrr.dat.dmr] [dap4.ce=GSO_AVHRR|160<GSO_AVHRR.day_num<170] 
[0:0:0:0:0:0:0:1] [-] [-] [2016-03-29T11:43:47.822 -0700] [    4 ms] [200] [     151] [LAST-MOD] [/opendap/hyrax/data/ff/1998-6-avhrr.dat.dmr.html] [dap4.ce=GSO_AVHRR|160<GSO_AVHRR.day_num<170] 
[0:0:0:0:0:0:0:1] [-] [-] [2016-03-29T11:43:47.854 -0700] [   32 ms] [200] [     152] [HTTP-GET] [/opendap/hyrax/data/ff/1998-6-avhrr.dat.dmr.html] [dap4.ce=GSO_AVHRR|160<GSO_AVHRR.day_num<170] 
[0:0:0:0:0:0:0:1] [-] [-] [2016-03-29T11:43:47.906 -0700] [    7 ms] [200] [     153] [LAST-MOD] [/opendap/hyrax/data/ff/1998-6-avhrr.dat.dmr.xml] [dap4.ce=GSO_AVHRR|160<GSO_AVHRR.day_num<170] 
[0:0:0:0:0:0:0:1] [-] [-] [2016-03-29T11:43:47.911 -0700] [    5 ms] [200] [     154] [HTTP-GET] [/opendap/hyrax/data/ff/1998-6-avhrr.dat.dmr.xml] [dap4.ce=GSO_AVHRR|160<GSO_AVHRR.day_num<170] 
[0:0:0:0:0:0:0:1] [-] [-] [2016-03-29T11:43:47.968 -0700] [    3 ms] [200] [     155] [LAST-MOD] [/opendap/hyrax/data/ff/1998-6-avhrr.dat.dap.csv] [dap4.ce=GSO_AVHRR|160<GSO_AVHRR.day_num<170] 
[0:0:0:0:0:0:0:1] [-] [-] [2016-03-29T11:43:47.982 -0700] [   14 ms] [200] [     156] [HTTP-GET] [/opendap/hyrax/data/ff/1998-6-avhrr.dat.dap.csv] [dap4.ce=GSO_AVHRR|160<GSO_AVHRR.day_num<170] 
[0:0:0:0:0:0:0:1] [-] [-] [2016-03-29T11:43:48.019 -0700] [    3 ms] [200] [     157] [LAST-MOD] [/opendap/hyrax/data/ff/1998-6-avhrr.dat.dap] [dap4.ce=GSO_AVHRR|160<GSO_AVHRR.day_num<170] 
[0:0:0:0:0:0:0:1] [-] [-] [2016-03-29T11:43:48.024 -0700] [    5 ms] [200] [     158] [HTTP-GET] [/opendap/hyrax/data/ff/1998-6-avhrr.dat.dap] [dap4.ce=GSO_AVHRR|160<GSO_AVHRR.day_num<170] 
[0:0:0:0:0:0:0:1] [-] [-] [2016-03-29T11:43:48.087 -0700] [    3 ms] [200] [     159] [LAST-MOD] [/opendap/hyrax/data/ff/avhrr.dat.dds] [] 
[0:0:0:0:0:0:0:1] [-] [-] [2016-03-29T11:43:48.092 -0700] [    5 ms] [200] [     160] [HTTP-GET] [/opendap/hyrax/data/ff/avhrr.dat.dds] [] 
[0:0:0:0:0:0:0:1] [-] [-] [2016-03-29T11:43:48.142 -0700] [    2 ms] [200] [     161] [LAST-MOD] [/opendap/hyrax/data/ff/avhrr.dat.das] [] 
[0:0:0:0:0:0:0:1] [-] [-] [2016-03-29T11:43:48.147 -0700] [    5 ms] [200] [     162] [HTTP-GET] [/opendap/hyrax/data/ff/avhrr.dat.das] [] 
[0:0:0:0:0:0:0:1] [-] [-] [2016-03-29T11:43:48.188 -0700] [    2 ms] [200] [     163] [LAST-MOD] [/opendap/hyrax/data/ff/avhrr.dat.html] [] 
[0:0:0:0:0:0:0:1] [-] [-] [2016-03-29T11:43:48.193 -0700] [    5 ms] [200] [     164] [HTTP-GET] [/opendap/hyrax/data/ff/avhrr.dat.html] [] 
[0:0:0:0:0:0:0:1] [-] [-] [2016-03-29T11:43:48.251 -0700] [    3 ms] [200] [     165] [LAST-MOD] [/opendap/hyrax/data/ff/avhrr.dat.info] [] 
[0:0:0:0:0:0:0:1] [-] [-] [2016-03-29T11:43:48.256 -0700] [    4 ms] [200] [     166] [HTTP-GET] [/opendap/hyrax/data/ff/avhrr.dat.info] [] 
[0:0:0:0:0:0:0:1] [-] [-] [2016-03-29T11:43:48.294 -0700] [    3 ms] [200] [     167] [LAST-MOD] [/opendap/hyrax/data/ff/avhrr.dat.ascii] [] 
[0:0:0:0:0:0:0:1] [-] [-] [2016-03-29T11:43:48.623 -0700] [  329 ms] [200] [     168] [HTTP-GET] [/opendap/hyrax/data/ff/avhrr.dat.ascii] [] 
[0:0:0:0:0:0:0:1] [-] [-] [2016-03-29T11:43:48.684 -0700] [    2 ms] [200] [     169] [LAST-MOD] [/opendap/hyrax/data/ff/avhrr.dat.dods] [] 
[0:0:0:0:0:0:0:1] [-] [-] [2016-03-29T11:43:48.795 -0700] [  111 ms] [200] [     170] [HTTP-GET] [/opendap/hyrax/data/ff/avhrr.dat.dods] [] 
[0:0:0:0:0:0:0:1] [-] [-] [2016-03-29T11:43:49.095 -0700] [    2 ms] [200] [     171] [LAST-MOD] [/opendap/hyrax/data/ff/avhrr.dat.dmr] [] 
[0:0:0:0:0:0:0:1] [-] [-] [2016-03-29T11:43:49.099 -0700] [    4 ms] [200] [     172] [HTTP-GET] [/opendap/hyrax/data/ff/avhrr.dat.dmr] [] 
[0:0:0:0:0:0:0:1] [-] [-] [2016-03-29T11:43:49.161 -0700] [    3 ms] [200] [     173] [LAST-MOD] [/opendap/hyrax/data/ff/avhrr.dat.dmr.html] [] 
[0:0:0:0:0:0:0:1] [-] [-] [2016-03-29T11:43:49.210 -0700] [   49 ms] [200] [     174] [HTTP-GET] [/opendap/hyrax/data/ff/avhrr.dat.dmr.html] [] 
[0:0:0:0:0:0:0:1] [-] [-] [2016-03-29T11:43:49.251 -0700] [    3 ms] [200] [     175] [LAST-MOD] [/opendap/hyrax/data/ff/avhrr.dat.dmr.xml] [] 
[0:0:0:0:0:0:0:1] [-] [-] [2016-03-29T11:43:49.256 -0700] [    5 ms] [200] [     176] [HTTP-GET] [/opendap/hyrax/data/ff/avhrr.dat.dmr.xml] [] 
[0:0:0:0:0:0:0:1] [-] [-] [2016-03-29T11:43:49.320 -0700] [    2 ms] [200] [     177] [LAST-MOD] [/opendap/hyrax/data/ff/avhrr.dat.dap.csv] [] 
[0:0:0:0:0:0:0:1] [-] [-] [2016-03-29T11:43:50.164 -0700] [  844 ms] [200] [     178] [HTTP-GET] [/opendap/hyrax/data/ff/avhrr.dat.dap.csv] [] 
[0:0:0:0:0:0:0:1] [-] [-] [2016-03-29T11:43:50.221 -0700] [    2 ms] [200] [     179] [LAST-MOD] [/opendap/hyrax/data/ff/avhrr.dat.dap] [] 
[0:0:0:0:0:0:0:1] [-] [-] [2016-03-29T11:43:50.502 -0700] [  281 ms] [200] [     180] [HTTP-GET] [/opendap/hyrax/data/ff/avhrr.dat.dap] [] 
[0:0:0:0:0:0:0:1] [-] [-] [2016-03-29T11:43:50.868 -0700] [    4 ms] [200] [     181] [LAST-MOD] [/opendap/hyrax/data/ff/gsodock.dat.dds] [] 
[0:0:0:0:0:0:0:1] [-] [-] [2016-03-29T11:43:50.873 -0700] [    5 ms] [200] [     182] [HTTP-GET] [/opendap/hyrax/data/ff/gsodock.dat.dds] [] 
[0:0:0:0:0:0:0:1] [-] [-] [2016-03-29T11:43:50.934 -0700] [    3 ms] [200] [     183] [LAST-MOD] [/opendap/hyrax/data/ff/gsodock.dat.das] [] 
[0:0:0:0:0:0:0:1] [-] [-] [2016-03-29T11:43:50.938 -0700] [    4 ms] [200] [     184] [HTTP-GET] [/opendap/hyrax/data/ff/gsodock.dat.das] [] 
[0:0:0:0:0:0:0:1] [-] [-] [2016-03-29T11:43:50.995 -0700] [    3 ms] [200] [     185] [LAST-MOD] [/opendap/hyrax/data/ff/gsodock.dat.html] [] 
[0:0:0:0:0:0:0:1] [-] [-] [2016-03-29T11:43:50.999 -0700] [    4 ms] [200] [     186] [HTTP-GET] [/opendap/hyrax/data/ff/gsodock.dat.html] [] 
[0:0:0:0:0:0:0:1] [-] [-] [2016-03-29T11:43:51.053 -0700] [   16 ms] [200] [     187] [LAST-MOD] [/opendap/hyrax/data/ff/gsodock.dat.info] [] 
[0:0:0:0:0:0:0:1] [-] [-] [2016-03-29T11:43:51.060 -0700] [    7 ms] [200] [     188] [HTTP-GET] [/opendap/hyrax/data/ff/gsodock.dat.info] [] 
[0:0:0:0:0:0:0:1] [-] [-] [2016-03-29T11:43:51.101 -0700] [    3 ms] [200] [     189] [LAST-MOD] [/opendap/hyrax/data/ff/gsodock.dat.ascii] [] 
[0:0:0:0:0:0:0:1] [-] [-] [2016-03-29T11:43:51.107 -0700] [    6 ms] [200] [     190] [HTTP-GET] [/opendap/hyrax/data/ff/gsodock.dat.ascii] [] 
[0:0:0:0:0:0:0:1] [-] [-] [2016-03-29T11:43:51.167 -0700] [    2 ms] [200] [     191] [LAST-MOD] [/opendap/hyrax/data/ff/gsodock.dat.dods] [] 
[0:0:0:0:0:0:0:1] [-] [-] [2016-03-29T11:43:51.174 -0700] [    6 ms] [200] [     192] [HTTP-GET] [/opendap/hyrax/data/ff/gsodock.dat.dods] [] 
[0:0:0:0:0:0:0:1] [-] [-] [2016-03-29T11:43:51.217 -0700] [    2 ms] [200] [     193] [LAST-MOD] [/opendap/hyrax/data/ff/gsodock.dat.dmr] [] 
[0:0:0:0:0:0:0:1] [-] [-] [2016-03-29T11:43:51.221 -0700] [    4 ms] [200] [     194] [HTTP-GET] [/opendap/hyrax/data/ff/gsodock.dat.dmr] [] 
[0:0:0:0:0:0:0:1] [-] [-] [2016-03-29T11:43:51.280 -0700] [    3 ms] [200] [     195] [LAST-MOD] [/opendap/hyrax/data/ff/gsodock.dat.dmr.html] [] 
[0:0:0:0:0:0:0:1] [-] [-] [2016-03-29T11:43:51.328 -0700] [   47 ms] [200] [     196] [HTTP-GET] [/opendap/hyrax/data/ff/gsodock.dat.dmr.html] [] 
[0:0:0:0:0:0:0:1] [-] [-] [2016-03-29T11:43:51.402 -0700] [    3 ms] [200] [     197] [LAST-MOD] [/opendap/hyrax/data/ff/gsodock.dat.dmr.xml] [] 
[0:0:0:0:0:0:0:1] [-] [-] [2016-03-29T11:43:51.406 -0700] [    4 ms] [200] [     198] [HTTP-GET] [/opendap/hyrax/data/ff/gsodock.dat.dmr.xml] [] 
[0:0:0:0:0:0:0:1] [-] [-] [2016-03-29T11:43:51.470 -0700] [    3 ms] [200] [     199] [LAST-MOD] [/opendap/hyrax/data/ff/gsodock.dat.dap.csv] [] 
[0:0:0:0:0:0:0:1] [-] [-] [2016-03-29T11:43:51.492 -0700] [   21 ms] [200] [     200] [HTTP-GET] [/opendap/hyrax/data/ff/gsodock.dat.dap.csv] [] 
[0:0:0:0:0:0:0:1] [-] [-] [2016-03-29T11:43:51.539 -0700] [    2 ms] [200] [     201] [LAST-MOD] [/opendap/hyrax/data/ff/gsodock.dat.dap] [] 
[0:0:0:0:0:0:0:1] [-] [-] [2016-03-29T11:43:51.544 -0700] [    5 ms] [200] [     202] [HTTP-GET] [/opendap/hyrax/data/ff/gsodock.dat.dap] [] 
[0:0:0:0:0:0:0:1] [-] [-] [2016-03-29T11:43:51.609 -0700] [    3 ms] [200] [     203] [LAST-MOD] [/opendap/hyrax/data/ff/gsodock.dat.dds] [URI_GSO-Dock.Air_Temp,URI_GSO-Dock.Depth] 
[0:0:0:0:0:0:0:1] [-] [-] [2016-03-29T11:43:51.613 -0700] [    4 ms] [200] [     204] [HTTP-GET] [/opendap/hyrax/data/ff/gsodock.dat.dds] [URI_GSO-Dock.Air_Temp,URI_GSO-Dock.Depth] 
[0:0:0:0:0:0:0:1] [-] [-] [2016-03-29T11:43:51.664 -0700] [    3 ms] [200] [     205] [LAST-MOD] [/opendap/hyrax/data/ff/gsodock.dat.das] [URI_GSO-Dock.Air_Temp,URI_GSO-Dock.Depth] 
[0:0:0:0:0:0:0:1] [-] [-] [2016-03-29T11:43:51.668 -0700] [    4 ms] [200] [     206] [HTTP-GET] [/opendap/hyrax/data/ff/gsodock.dat.das] [URI_GSO-Dock.Air_Temp,URI_GSO-Dock.Depth] 
[0:0:0:0:0:0:0:1] [-] [-] [2016-03-29T11:43:51.729 -0700] [    2 ms] [200] [     207] [LAST-MOD] [/opendap/hyrax/data/ff/gsodock.dat.html] [URI_GSO-Dock.Air_Temp,URI_GSO-Dock.Depth] 
[0:0:0:0:0:0:0:1] [-] [-] [2016-03-29T11:43:51.735 -0700] [    6 ms] [200] [     208] [HTTP-GET] [/opendap/hyrax/data/ff/gsodock.dat.html] [URI_GSO-Dock.Air_Temp,URI_GSO-Dock.Depth] 
[0:0:0:0:0:0:0:1] [-] [-] [2016-03-29T11:43:51.809 -0700] [    3 ms] [200] [     209] [LAST-MOD] [/opendap/hyrax/data/ff/gsodock.dat.info] [URI_GSO-Dock.Air_Temp,URI_GSO-Dock.Depth] 
[0:0:0:0:0:0:0:1] [-] [-] [2016-03-29T11:43:51.814 -0700] [    5 ms] [200] [     210] [HTTP-GET] [/opendap/hyrax/data/ff/gsodock.dat.info] [URI_GSO-Dock.Air_Temp,URI_GSO-Dock.Depth] 
[0:0:0:0:0:0:0:1] [-] [-] [2016-03-29T11:43:51.872 -0700] [    3 ms] [200] [     211] [LAST-MOD] [/opendap/hyrax/data/ff/gsodock.dat.ascii] [URI_GSO-Dock.Air_Temp,URI_GSO-Dock.Depth] 
[0:0:0:0:0:0:0:1] [-] [-] [2016-03-29T11:43:51.879 -0700] [    6 ms] [200] [     212] [HTTP-GET] [/opendap/hyrax/data/ff/gsodock.dat.ascii] [URI_GSO-Dock.Air_Temp,URI_GSO-Dock.Depth] 
[0:0:0:0:0:0:0:1] [-] [-] [2016-03-29T11:43:51.941 -0700] [    3 ms] [200] [     213] [LAST-MOD] [/opendap/hyrax/data/ff/gsodock.dat.dods] [URI_GSO-Dock.Air_Temp,URI_GSO-Dock.Depth] 
[0:0:0:0:0:0:0:1] [-] [-] [2016-03-29T11:43:51.951 -0700] [   10 ms] [200] [     214] [HTTP-GET] [/opendap/hyrax/data/ff/gsodock.dat.dods] [URI_GSO-Dock.Air_Temp,URI_GSO-Dock.Depth] 
[0:0:0:0:0:0:0:1] [-] [-] [2016-03-29T11:43:52.015 -0700] [    3 ms] [200] [     215] [LAST-MOD] [/opendap/hyrax/data/ff/gsodock.dat.dmr] [dap4.ce=URI_GSO-Dock.Air_Temp;URI_GSO-Dock.Depth] 
[0:0:0:0:0:0:0:1] [-] [-] [2016-03-29T11:43:52.019 -0700] [    4 ms] [200] [     216] [HTTP-GET] [/opendap/hyrax/data/ff/gsodock.dat.dmr] [dap4.ce=URI_GSO-Dock.Air_Temp;URI_GSO-Dock.Depth] 
[0:0:0:0:0:0:0:1] [-] [-] [2016-03-29T11:43:52.068 -0700] [    8 ms] [200] [     217] [LAST-MOD] [/opendap/hyrax/data/ff/gsodock.dat.dmr.html] [dap4.ce=URI_GSO-Dock.Air_Temp;URI_GSO-Dock.Depth] 
[0:0:0:0:0:0:0:1] [-] [-] [2016-03-29T11:43:52.101 -0700] [   33 ms] [200] [     218] [HTTP-GET] [/opendap/hyrax/data/ff/gsodock.dat.dmr.html] [dap4.ce=URI_GSO-Dock.Air_Temp;URI_GSO-Dock.Depth] 
[0:0:0:0:0:0:0:1] [-] [-] [2016-03-29T11:43:52.137 -0700] [    3 ms] [200] [     219] [LAST-MOD] [/opendap/hyrax/data/ff/gsodock.dat.dmr.xml] [dap4.ce=URI_GSO-Dock.Air_Temp;URI_GSO-Dock.Depth] 
[0:0:0:0:0:0:0:1] [-] [-] [2016-03-29T11:43:52.141 -0700] [    4 ms] [200] [     220] [HTTP-GET] [/opendap/hyrax/data/ff/gsodock.dat.dmr.xml] [dap4.ce=URI_GSO-Dock.Air_Temp;URI_GSO-Dock.Depth] 
[0:0:0:0:0:0:0:1] [-] [-] [2016-03-29T11:43:52.208 -0700] [    2 ms] [200] [     221] [LAST-MOD] [/opendap/hyrax/data/ff/gsodock.dat.dap.csv] [dap4.ce=URI_GSO-Dock.Air_Temp;URI_GSO-Dock.Depth] 
[0:0:0:0:0:0:0:1] [-] [-] [2016-03-29T11:43:52.217 -0700] [    9 ms] [200] [     222] [HTTP-GET] [/opendap/hyrax/data/ff/gsodock.dat.dap.csv] [dap4.ce=URI_GSO-Dock.Air_Temp;URI_GSO-Dock.Depth] 
[0:0:0:0:0:0:0:1] [-] [-] [2016-03-29T11:43:52.275 -0700] [    2 ms] [200] [     223] [LAST-MOD] [/opendap/hyrax/data/ff/gsodock.dat.dap] [dap4.ce=URI_GSO-Dock.Air_Temp;URI_GSO-Dock.Depth] 
[0:0:0:0:0:0:0:1] [-] [-] [2016-03-29T11:43:52.281 -0700] [    6 ms] [200] [     224] [HTTP-GET] [/opendap/hyrax/data/ff/gsodock.dat.dap] [dap4.ce=URI_GSO-Dock.Air_Temp;URI_GSO-Dock.Depth] 
[0:0:0:0:0:0:0:1] [-] [-] [2016-03-29T11:43:52.355 -0700] [   14 ms] [200] [     225] [LAST-MOD] [/opendap/hyrax/data/hdf4/3B42.980909.5.HDF.gz.dds] [] 
[0:0:0:0:0:0:0:1] [-] [-] [2016-03-29T11:43:52.368 -0700] [   13 ms] [404] [     226] [HTTP-GET] [/opendap/hyrax/data/hdf4/3B42.980909.5.HDF.gz.dds] [] 
[0:0:0:0:0:0:0:1] [-] [-] [2016-03-29T11:43:52.776 -0700] [    9 ms] [200] [     227] [LAST-MOD] [/opendap/hyrax/data/hdf4/3B42.980909.5.HDF.gz.das] [] 
[0:0:0:0:0:0:0:1] [-] [-] [2016-03-29T11:43:52.811 -0700] [   35 ms] [404] [     228] [HTTP-GET] [/opendap/hyrax/data/hdf4/3B42.980909.5.HDF.gz.das] [] 
[0:0:0:0:0:0:0:1] [-] [-] [2016-03-29T11:43:52.865 -0700] [   10 ms] [200] [     229] [LAST-MOD] [/opendap/hyrax/data/hdf4/3B42.980909.5.HDF.gz.html] [] 
[0:0:0:0:0:0:0:1] [-] [-] [2016-03-29T11:43:52.882 -0700] [   17 ms] [404] [     230] [HTTP-GET] [/opendap/hyrax/data/hdf4/3B42.980909.5.HDF.gz.html] [] 
[0:0:0:0:0:0:0:1] [-] [-] [2016-03-29T11:43:52.959 -0700] [    9 ms] [200] [     231] [LAST-MOD] [/opendap/hyrax/data/hdf4/3B42.980909.5.HDF.gz.info] [] 
[0:0:0:0:0:0:0:1] [-] [-] [2016-03-29T11:43:52.977 -0700] [   18 ms] [404] [     232] [HTTP-GET] [/opendap/hyrax/data/hdf4/3B42.980909.5.HDF.gz.info] [] 
[0:0:0:0:0:0:0:1] [-] [-] [2016-03-29T11:43:53.042 -0700] [   10 ms] [200] [     233] [LAST-MOD] [/opendap/hyrax/data/hdf4/3B42.980909.5.HDF.gz.ascii] [] 
[0:0:0:0:0:0:0:1] [-] [-] [2016-03-29T11:43:53.056 -0700] [   14 ms] [404] [     234] [HTTP-GET] [/opendap/hyrax/data/hdf4/3B42.980909.5.HDF.gz.ascii] [] 
[0:0:0:0:0:0:0:1] [-] [-] [2016-03-29T11:43:53.136 -0700] [   12 ms] [200] [     235] [LAST-MOD] [/opendap/hyrax/data/hdf4/3B42.980909.5.HDF.gz.dods] [] 
[0:0:0:0:0:0:0:1] [-] [-] [2016-03-29T11:43:53.147 -0700] [   11 ms] [404] [     236] [HTTP-GET] [/opendap/hyrax/data/hdf4/3B42.980909.5.HDF.gz.dods] [] 
[0:0:0:0:0:0:0:1] [-] [-] [2016-03-29T11:43:53.206 -0700] [    9 ms] [200] [     237] [LAST-MOD] [/opendap/hyrax/data/hdf4/3B42.980909.5.HDF.gz.dmr] [] 
[0:0:0:0:0:0:0:1] [-] [-] [2016-03-29T11:43:53.221 -0700] [   15 ms] [404] [     238] [HTTP-GET] [/opendap/hyrax/data/hdf4/3B42.980909.5.HDF.gz.dmr] [] 
[0:0:0:0:0:0:0:1] [-] [-] [2016-03-29T11:43:53.267 -0700] [   10 ms] [200] [     239] [LAST-MOD] [/opendap/hyrax/data/hdf4/3B42.980909.5.HDF.gz.dmr.html] [] 
[0:0:0:0:0:0:0:1] [-] [-] [2016-03-29T11:43:53.317 -0700] [   49 ms] [404] [     240] [HTTP-GET] [/opendap/hyrax/data/hdf4/3B42.980909.5.HDF.gz.dmr.html] [] 
[0:0:0:0:0:0:0:1] [-] [-] [2016-03-29T11:43:53.382 -0700] [    9 ms] [200] [     241] [LAST-MOD] [/opendap/hyrax/data/hdf4/3B42.980909.5.HDF.gz.dmr.xml] [] 
[0:0:0:0:0:0:0:1] [-] [-] [2016-03-29T11:43:53.392 -0700] [   10 ms] [404] [     242] [HTTP-GET] [/opendap/hyrax/data/hdf4/3B42.980909.5.HDF.gz.dmr.xml] [] 
[0:0:0:0:0:0:0:1] [-] [-] [2016-03-29T11:43:53.463 -0700] [   11 ms] [200] [     243] [LAST-MOD] [/opendap/hyrax/data/hdf4/3B42.980909.5.HDF.gz.dap.csv] [] 
[0:0:0:0:0:0:0:1] [-] [-] [2016-03-29T11:43:53.473 -0700] [   10 ms] [404] [     244] [HTTP-GET] [/opendap/hyrax/data/hdf4/3B42.980909.5.HDF.gz.dap.csv] [] 
[0:0:0:0:0:0:0:1] [-] [-] [2016-03-29T11:43:53.553 -0700] [    8 ms] [200] [     245] [LAST-MOD] [/opendap/hyrax/data/hdf4/3B42.980909.5.HDF.gz.dap] [] 
[0:0:0:0:0:0:0:1] [-] [-] [2016-03-29T11:43:53.560 -0700] [    7 ms] [404] [     246] [HTTP-GET] [/opendap/hyrax/data/hdf4/3B42.980909.5.HDF.gz.dap] [] 
[0:0:0:0:0:0:0:1] [-] [-] [2016-03-29T11:43:53.618 -0700] [    2 ms] [200] [     247] [LAST-MOD] [/opendap/hyrax/data/hdf4/S2000415.HDF.gz.dds] [] 
[0:0:0:0:0:0:0:1] [-] [-] [2016-03-29T11:43:53.664 -0700] [   46 ms] [200] [     248] [HTTP-GET] [/opendap/hyrax/data/hdf4/S2000415.HDF.gz.dds] [] 
[0:0:0:0:0:0:0:1] [-] [-] [2016-03-29T11:43:53.706 -0700] [    2 ms] [200] [     249] [LAST-MOD] [/opendap/hyrax/data/hdf4/S2000415.HDF.gz.das] [] 
[0:0:0:0:0:0:0:1] [-] [-] [2016-03-29T11:43:53.728 -0700] [   22 ms] [200] [     250] [HTTP-GET] [/opendap/hyrax/data/hdf4/S2000415.HDF.gz.das] [] 
[0:0:0:0:0:0:0:1] [-] [-] [2016-03-29T11:43:53.774 -0700] [    2 ms] [200] [     251] [LAST-MOD] [/opendap/hyrax/data/hdf4/S2000415.HDF.gz.html] [] 
[0:0:0:0:0:0:0:1] [-] [-] [2016-03-29T11:43:53.782 -0700] [    8 ms] [200] [     252] [HTTP-GET] [/opendap/hyrax/data/hdf4/S2000415.HDF.gz.html] [] 
[0:0:0:0:0:0:0:1] [-] [-] [2016-03-29T11:43:53.839 -0700] [    4 ms] [200] [     253] [LAST-MOD] [/opendap/hyrax/data/hdf4/S2000415.HDF.gz.info] [] 
[0:0:0:0:0:0:0:1] [-] [-] [2016-03-29T11:43:53.853 -0700] [   14 ms] [200] [     254] [HTTP-GET] [/opendap/hyrax/data/hdf4/S2000415.HDF.gz.info] [] 
[0:0:0:0:0:0:0:1] [-] [-] [2016-03-29T11:43:53.897 -0700] [    2 ms] [200] [     255] [LAST-MOD] [/opendap/hyrax/data/hdf4/S2000415.HDF.gz.ascii] [] 
[0:0:0:0:0:0:0:1] [-] [-] [2016-03-29T11:43:54.156 -0700] [  258 ms] [200] [     256] [HTTP-GET] [/opendap/hyrax/data/hdf4/S2000415.HDF.gz.ascii] [] 
[0:0:0:0:0:0:0:1] [-] [-] [2016-03-29T11:43:54.211 -0700] [    2 ms] [200] [     257] [LAST-MOD] [/opendap/hyrax/data/hdf4/S2000415.HDF.gz.dods] [] 
[0:0:0:0:0:0:0:1] [-] [-] [2016-03-29T11:43:54.279 -0700] [   67 ms] [200] [     258] [HTTP-GET] [/opendap/hyrax/data/hdf4/S2000415.HDF.gz.dods] [] 
[0:0:0:0:0:0:0:1] [-] [-] [2016-03-29T11:43:54.488 -0700] [    2 ms] [200] [     259] [LAST-MOD] [/opendap/hyrax/data/hdf4/S2000415.HDF.gz.dmr] [] 
[0:0:0:0:0:0:0:1] [-] [-] [2016-03-29T11:43:54.496 -0700] [    8 ms] [200] [     260] [HTTP-GET] [/opendap/hyrax/data/hdf4/S2000415.HDF.gz.dmr] [] 
[0:0:0:0:0:0:0:1] [-] [-] [2016-03-29T11:43:54.553 -0700] [    2 ms] [200] [     261] [LAST-MOD] [/opendap/hyrax/data/hdf4/S2000415.HDF.gz.dmr.html] [] 
[0:0:0:0:0:0:0:1] [-] [-] [2016-03-29T11:43:54.606 -0700] [   53 ms] [200] [     262] [HTTP-GET] [/opendap/hyrax/data/hdf4/S2000415.HDF.gz.dmr.html] [] 
[0:0:0:0:0:0:0:1] [-] [-] [2016-03-29T11:43:54.654 -0700] [    3 ms] [200] [     263] [LAST-MOD] [/opendap/hyrax/data/hdf4/S2000415.HDF.gz.dmr.xml] [] 
[0:0:0:0:0:0:0:1] [-] [-] [2016-03-29T11:43:54.664 -0700] [   10 ms] [200] [     264] [HTTP-GET] [/opendap/hyrax/data/hdf4/S2000415.HDF.gz.dmr.xml] [] 
[0:0:0:0:0:0:0:1] [-] [-] [2016-03-29T11:43:54.733 -0700] [    2 ms] [200] [     265] [LAST-MOD] [/opendap/hyrax/data/hdf4/S2000415.HDF.gz.dap.csv] [] 
[0:0:0:0:0:0:0:1] [-] [-] [2016-03-29T11:43:56.042 -0700] [ 1308 ms] [200] [     266] [HTTP-GET] [/opendap/hyrax/data/hdf4/S2000415.HDF.gz.dap.csv] [] 
[0:0:0:0:0:0:0:1] [-] [-] [2016-03-29T11:43:56.112 -0700] [    2 ms] [200] [     267] [LAST-MOD] [/opendap/hyrax/data/hdf4/S2000415.HDF.gz.dap] [] 
[0:0:0:0:0:0:0:1] [-] [-] [2016-03-29T11:43:56.172 -0700] [   60 ms] [200] [     268] [HTTP-GET] [/opendap/hyrax/data/hdf4/S2000415.HDF.gz.dap] [] 
[0:0:0:0:0:0:0:1] [-] [-] [2016-03-29T11:43:56.369 -0700] [    5 ms] [200] [     269] [LAST-MOD] [/opendap/hyrax/data/hdf4/1990104h09da-gdm.hdf.gz.dds] [Sea_Surface_Temperature[0:100:4095][0:100:2047]] 
[0:0:0:0:0:0:0:1] [-] [-] [2016-03-29T11:43:56.396 -0700] [   27 ms] [404] [     270] [HTTP-GET] [/opendap/hyrax/data/hdf4/1990104h09da-gdm.hdf.gz.dds] [Sea_Surface_Temperature[0:100:4095][0:100:2047]] 
[0:0:0:0:0:0:0:1] [-] [-] [2016-03-29T11:43:56.443 -0700] [    8 ms] [200] [     271] [LAST-MOD] [/opendap/hyrax/data/hdf4/1990104h09da-gdm.hdf.gz.das] [Sea_Surface_Temperature[0:100:4095][0:100:2047]] 
[0:0:0:0:0:0:0:1] [-] [-] [2016-03-29T11:43:56.451 -0700] [    8 ms] [404] [     272] [HTTP-GET] [/opendap/hyrax/data/hdf4/1990104h09da-gdm.hdf.gz.das] [Sea_Surface_Temperature[0:100:4095][0:100:2047]] 
[0:0:0:0:0:0:0:1] [-] [-] [2016-03-29T11:43:56.521 -0700] [    5 ms] [200] [     273] [LAST-MOD] [/opendap/hyrax/data/hdf4/1990104h09da-gdm.hdf.gz.html] [Sea_Surface_Temperature[0:100:4095][0:100:2047]] 
[0:0:0:0:0:0:0:1] [-] [-] [2016-03-29T11:43:56.529 -0700] [    8 ms] [404] [     274] [HTTP-GET] [/opendap/hyrax/data/hdf4/1990104h09da-gdm.hdf.gz.html] [Sea_Surface_Temperature[0:100:4095][0:100:2047]] 
[0:0:0:0:0:0:0:1] [-] [-] [2016-03-29T11:43:56.577 -0700] [    6 ms] [200] [     275] [LAST-MOD] [/opendap/hyrax/data/hdf4/1990104h09da-gdm.hdf.gz.info] [Sea_Surface_Temperature[0:100:4095][0:100:2047]] 
[0:0:0:0:0:0:0:1] [-] [-] [2016-03-29T11:43:56.589 -0700] [   12 ms] [404] [     276] [HTTP-GET] [/opendap/hyrax/data/hdf4/1990104h09da-gdm.hdf.gz.info] [Sea_Surface_Temperature[0:100:4095][0:100:2047]] 
[0:0:0:0:0:0:0:1] [-] [-] [2016-03-29T11:43:56.628 -0700] [    6 ms] [200] [     277] [LAST-MOD] [/opendap/hyrax/data/hdf4/1990104h09da-gdm.hdf.gz.ascii] [Sea_Surface_Temperature[0:100:4095][0:100:2047]] 
[0:0:0:0:0:0:0:1] [-] [-] [2016-03-29T11:43:56.635 -0700] [    7 ms] [404] [     278] [HTTP-GET] [/opendap/hyrax/data/hdf4/1990104h09da-gdm.hdf.gz.ascii] [Sea_Surface_Temperature[0:100:4095][0:100:2047]] 
[0:0:0:0:0:0:0:1] [-] [-] [2016-03-29T11:43:56.692 -0700] [    6 ms] [200] [     279] [LAST-MOD] [/opendap/hyrax/data/hdf4/1990104h09da-gdm.hdf.gz.dods] [Sea_Surface_Temperature[0:100:4095][0:100:2047]] 
[0:0:0:0:0:0:0:1] [-] [-] [2016-03-29T11:43:56.700 -0700] [    8 ms] [404] [     280] [HTTP-GET] [/opendap/hyrax/data/hdf4/1990104h09da-gdm.hdf.gz.dods] [Sea_Surface_Temperature[0:100:4095][0:100:2047]] 
[0:0:0:0:0:0:0:1] [-] [-] [2016-03-29T11:43:56.761 -0700] [    7 ms] [200] [     281] [LAST-MOD] [/opendap/hyrax/data/hdf4/1990104h09da-gdm.hdf.gz.dmr] [dap4.ce=Sea_Surface_Temperature[0:100:4095][0:100:2047]] 
[0:0:0:0:0:0:0:1] [-] [-] [2016-03-29T11:43:56.769 -0700] [    8 ms] [404] [     282] [HTTP-GET] [/opendap/hyrax/data/hdf4/1990104h09da-gdm.hdf.gz.dmr] [dap4.ce=Sea_Surface_Temperature[0:100:4095][0:100:2047]] 
[0:0:0:0:0:0:0:1] [-] [-] [2016-03-29T11:43:56.836 -0700] [   12 ms] [200] [     283] [LAST-MOD] [/opendap/hyrax/data/hdf4/1990104h09da-gdm.hdf.gz.dmr.html] [dap4.ce=Sea_Surface_Temperature[0:100:4095][0:100:2047]] 
[0:0:0:0:0:0:0:1] [-] [-] [2016-03-29T11:43:56.845 -0700] [    9 ms] [404] [     284] [HTTP-GET] [/opendap/hyrax/data/hdf4/1990104h09da-gdm.hdf.gz.dmr.html] [dap4.ce=Sea_Surface_Temperature[0:100:4095][0:100:2047]] 
[0:0:0:0:0:0:0:1] [-] [-] [2016-03-29T11:43:56.905 -0700] [    6 ms] [200] [     285] [LAST-MOD] [/opendap/hyrax/data/hdf4/1990104h09da-gdm.hdf.gz.dmr.xml] [dap4.ce=Sea_Surface_Temperature[0:100:4095][0:100:2047]] 
[0:0:0:0:0:0:0:1] [-] [-] [2016-03-29T11:43:56.928 -0700] [   23 ms] [404] [     286] [HTTP-GET] [/opendap/hyrax/data/hdf4/1990104h09da-gdm.hdf.gz.dmr.xml] [dap4.ce=Sea_Surface_Temperature[0:100:4095][0:100:2047]] 
[0:0:0:0:0:0:0:1] [-] [-] [2016-03-29T11:43:56.979 -0700] [    7 ms] [200] [     287] [LAST-MOD] [/opendap/hyrax/data/hdf4/1990104h09da-gdm.hdf.gz.dap.csv] [dap4.ce=Sea_Surface_Temperature[0:100:4095][0:100:2047]] 
[0:0:0:0:0:0:0:1] [-] [-] [2016-03-29T11:43:56.990 -0700] [   11 ms] [404] [     288] [HTTP-GET] [/opendap/hyrax/data/hdf4/1990104h09da-gdm.hdf.gz.dap.csv] [dap4.ce=Sea_Surface_Temperature[0:100:4095][0:100:2047]] 
[0:0:0:0:0:0:0:1] [-] [-] [2016-03-29T11:43:57.062 -0700] [    6 ms] [200] [     289] [LAST-MOD] [/opendap/hyrax/data/hdf4/1990104h09da-gdm.hdf.gz.dap] [dap4.ce=Sea_Surface_Temperature[0:100:4095][0:100:2047]] 
[0:0:0:0:0:0:0:1] [-] [-] [2016-03-29T11:43:57.070 -0700] [    8 ms] [404] [     290] [HTTP-GET] [/opendap/hyrax/data/hdf4/1990104h09da-gdm.hdf.gz.dap] [dap4.ce=Sea_Surface_Temperature[0:100:4095][0:100:2047]] 
[0:0:0:0:0:0:0:1] [-] [-] [2016-03-29T11:43:57.111 -0700] [    4 ms] [200] [     291] [LAST-MOD] [/opendap/hyrax/data/ff/1998-6-avhrr.dat.dds] [DODS_URL&date_time("1998/160:17:45:00")] 
[0:0:0:0:0:0:0:1] [-] [-] [2016-03-29T11:43:57.115 -0700] [    4 ms] [200] [     292] [HTTP-GET] [/opendap/hyrax/data/ff/1998-6-avhrr.dat.dds] [DODS_URL&date_time("1998/160:17:45:00")] 
[0:0:0:0:0:0:0:1] [-] [-] [2016-03-29T11:43:57.160 -0700] [    2 ms] [200] [     293] [LAST-MOD] [/opendap/hyrax/data/ff/1998-6-avhrr.dat.das] [DODS_URL&date_time("1998/160:17:45:00")] 
[0:0:0:0:0:0:0:1] [-] [-] [2016-03-29T11:43:57.163 -0700] [    3 ms] [200] [     294] [HTTP-GET] [/opendap/hyrax/data/ff/1998-6-avhrr.dat.das] [DODS_URL&date_time("1998/160:17:45:00")] 
[0:0:0:0:0:0:0:1] [-] [-] [2016-03-29T11:43:57.216 -0700] [    3 ms] [200] [     295] [LAST-MOD] [/opendap/hyrax/data/ff/1998-6-avhrr.dat.html] [DODS_URL&date_time("1998/160:17:45:00")] 
[0:0:0:0:0:0:0:1] [-] [-] [2016-03-29T11:43:57.222 -0700] [    5 ms] [200] [     296] [HTTP-GET] [/opendap/hyrax/data/ff/1998-6-avhrr.dat.html] [DODS_URL&date_time("1998/160:17:45:00")] 
[0:0:0:0:0:0:0:1] [-] [-] [2016-03-29T11:43:57.264 -0700] [    2 ms] [200] [     297] [LAST-MOD] [/opendap/hyrax/data/ff/1998-6-avhrr.dat.info] [DODS_URL&date_time("1998/160:17:45:00")] 
[0:0:0:0:0:0:0:1] [-] [-] [2016-03-29T11:43:57.267 -0700] [    3 ms] [200] [     298] [HTTP-GET] [/opendap/hyrax/data/ff/1998-6-avhrr.dat.info] [DODS_URL&date_time("1998/160:17:45:00")] 
[0:0:0:0:0:0:0:1] [-] [-] [2016-03-29T11:43:57.322 -0700] [    7 ms] [200] [     299] [LAST-MOD] [/opendap/hyrax/data/ff/1998-6-avhrr.dat.ascii] [DODS_URL&date_time("1998/160:17:45:00")] 
[0:0:0:0:0:0:0:1] [-] [-] [2016-03-29T11:43:57.327 -0700] [    5 ms] [200] [     300] [HTTP-GET] [/opendap/hyrax/data/ff/1998-6-avhrr.dat.ascii] [DODS_URL&date_time("1998/160:17:45:00")] 
[0:0:0:0:0:0:0:1] [-] [-] [2016-03-29T11:43:57.365 -0700] [    1 ms] [200] [     301] [LAST-MOD] [/opendap/hyrax/data/ff/1998-6-avhrr.dat.dods] [DODS_URL&date_time("1998/160:17:45:00")] 
[0:0:0:0:0:0:0:1] [-] [-] [2016-03-29T11:43:57.370 -0700] [    5 ms] [200] [     302] [HTTP-GET] [/opendap/hyrax/data/ff/1998-6-avhrr.dat.dods] [DODS_URL&date_time("1998/160:17:45:00")] 
[0:0:0:0:0:0:0:1] [-] [-] [2016-03-29T11:43:57.426 -0700] [    2 ms] [200] [     303] [LAST-MOD] [/opendap/hyrax/data/ff/1998-6-avhrr.dat.dds] [DODS_URL&date_time("1998/160:17:45:00","1998/165:17:45:00")] 
[0:0:0:0:0:0:0:1] [-] [-] [2016-03-29T11:43:57.433 -0700] [    3 ms] [200] [     304] [HTTP-GET] [/opendap/hyrax/data/ff/1998-6-avhrr.dat.dds] [DODS_URL&date_time("1998/160:17:45:00","1998/165:17:45:00")] 
[0:0:0:0:0:0:0:1] [-] [-] [2016-03-29T11:43:57.483 -0700] [    4 ms] [200] [     305] [LAST-MOD] [/opendap/hyrax/data/ff/1998-6-avhrr.dat.das] [DODS_URL&date_time("1998/160:17:45:00","1998/165:17:45:00")] 
[0:0:0:0:0:0:0:1] [-] [-] [2016-03-29T11:43:57.488 -0700] [    4 ms] [200] [     306] [HTTP-GET] [/opendap/hyrax/data/ff/1998-6-avhrr.dat.das] [DODS_URL&date_time("1998/160:17:45:00","1998/165:17:45:00")] 
[0:0:0:0:0:0:0:1] [-] [-] [2016-03-29T11:43:57.530 -0700] [    2 ms] [200] [     307] [LAST-MOD] [/opendap/hyrax/data/ff/1998-6-avhrr.dat.html] [DODS_URL&date_time("1998/160:17:45:00","1998/165:17:45:00")] 
[0:0:0:0:0:0:0:1] [-] [-] [2016-03-29T11:43:57.534 -0700] [    4 ms] [200] [     308] [HTTP-GET] [/opendap/hyrax/data/ff/1998-6-avhrr.dat.html] [DODS_URL&date_time("1998/160:17:45:00","1998/165:17:45:00")] 
[0:0:0:0:0:0:0:1] [-] [-] [2016-03-29T11:43:57.590 -0700] [    4 ms] [200] [     309] [LAST-MOD] [/opendap/hyrax/data/ff/1998-6-avhrr.dat.info] [DODS_URL&date_time("1998/160:17:45:00","1998/165:17:45:00")] 
[0:0:0:0:0:0:0:1] [-] [-] [2016-03-29T11:43:57.595 -0700] [    5 ms] [200] [     310] [HTTP-GET] [/opendap/hyrax/data/ff/1998-6-avhrr.dat.info] [DODS_URL&date_time("1998/160:17:45:00","1998/165:17:45:00")] 
[0:0:0:0:0:0:0:1] [-] [-] [2016-03-29T11:43:57.636 -0700] [    2 ms] [200] [     311] [LAST-MOD] [/opendap/hyrax/data/ff/1998-6-avhrr.dat.ascii] [DODS_URL&date_time("1998/160:17:45:00","1998/165:17:45:00")] 
[0:0:0:0:0:0:0:1] [-] [-] [2016-03-29T11:43:57.641 -0700] [    5 ms] [200] [     312] [HTTP-GET] [/opendap/hyrax/data/ff/1998-6-avhrr.dat.ascii] [DODS_URL&date_time("1998/160:17:45:00","1998/165:17:45:00")] 
[0:0:0:0:0:0:0:1] [-] [-] [2016-03-29T11:43:57.705 -0700] [    2 ms] [200] [     313] [LAST-MOD] [/opendap/hyrax/data/ff/1998-6-avhrr.dat.dods] [DODS_URL&date_time("1998/160:17:45:00","1998/165:17:45:00")] 
[0:0:0:0:0:0:0:1] [-] [-] [2016-03-29T11:43:57.728 -0700] [   23 ms] [200] [     314] [HTTP-GET] [/opendap/hyrax/data/ff/1998-6-avhrr.dat.dods] [DODS_URL&date_time("1998/160:17:45:00","1998/165:17:45:00")] 
[0:0:0:0:0:0:0:1] [-] [-] [2016-03-29T11:43:57.777 -0700] [    2 ms] [200] [     315] [LAST-MOD] [/opendap/hyrax/data/nc/coads_climatology.nc.dds] [geogrid(SST,61,-82,38,-19)] 
[0:0:0:0:0:0:0:1] [-] [-] [2016-03-29T11:43:57.802 -0700] [   25 ms] [200] [     316] [HTTP-GET] [/opendap/hyrax/data/nc/coads_climatology.nc.dds] [geogrid(SST,61,-82,38,-19)] 
[0:0:0:0:0:0:0:1] [-] [-] [2016-03-29T11:43:57.853 -0700] [    2 ms] [200] [     317] [LAST-MOD] [/opendap/hyrax/data/nc/coads_climatology.nc.das] [geogrid(SST,61,-82,38,-19)] 
[0:0:0:0:0:0:0:1] [-] [-] [2016-03-29T11:43:57.856 -0700] [    3 ms] [200] [     318] [HTTP-GET] [/opendap/hyrax/data/nc/coads_climatology.nc.das] [geogrid(SST,61,-82,38,-19)] 
[0:0:0:0:0:0:0:1] [-] [-] [2016-03-29T11:43:57.906 -0700] [    2 ms] [200] [     319] [LAST-MOD] [/opendap/hyrax/data/nc/coads_climatology.nc.html] [geogrid(SST,61,-82,38,-19)] 
[0:0:0:0:0:0:0:1] [-] [-] [2016-03-29T11:43:57.910 -0700] [    4 ms] [200] [     320] [HTTP-GET] [/opendap/hyrax/data/nc/coads_climatology.nc.html] [geogrid(SST,61,-82,38,-19)] 
[0:0:0:0:0:0:0:1] [-] [-] [2016-03-29T11:43:57.966 -0700] [    2 ms] [200] [     321] [LAST-MOD] [/opendap/hyrax/data/nc/coads_climatology.nc.info] [geogrid(SST,61,-82,38,-19)] 
[0:0:0:0:0:0:0:1] [-] [-] [2016-03-29T11:43:57.973 -0700] [    7 ms] [200] [     322] [HTTP-GET] [/opendap/hyrax/data/nc/coads_climatology.nc.info] [geogrid(SST,61,-82,38,-19)] 
[0:0:0:0:0:0:0:1] [-] [-] [2016-03-29T11:43:58.027 -0700] [    2 ms] [200] [     323] [LAST-MOD] [/opendap/hyrax/data/nc/coads_climatology.nc.ascii] [geogrid(SST,61,-82,38,-19)] 
[0:0:0:0:0:0:0:1] [-] [-] [2016-03-29T11:43:58.042 -0700] [   15 ms] [200] [     324] [HTTP-GET] [/opendap/hyrax/data/nc/coads_climatology.nc.ascii] [geogrid(SST,61,-82,38,-19)] 
[0:0:0:0:0:0:0:1] [-] [-] [2016-03-29T11:43:58.079 -0700] [    2 ms] [200] [     325] [LAST-MOD] [/opendap/hyrax/data/nc/coads_climatology.nc.dods] [geogrid(SST,61,-82,38,-19)] 
[0:0:0:0:0:0:0:1] [-] [-] [2016-03-29T11:43:58.087 -0700] [    8 ms] [200] [     326] [HTTP-GET] [/opendap/hyrax/data/nc/coads_climatology.nc.dods] [geogrid(SST,61,-82,38,-19)] 
[0:0:0:0:0:0:0:1] [-] [-] [2016-03-29T11:43:58.152 -0700] [    2 ms] [200] [     327] [LAST-MOD] [/opendap/hyrax/data/nc/coads_climatology.nc.dds] [geogrid(SST,61,-82,38,-19,"TIME<1500")] 
[0:0:0:0:0:0:0:1] [-] [-] [2016-03-29T11:43:58.160 -0700] [    8 ms] [200] [     328] [HTTP-GET] [/opendap/hyrax/data/nc/coads_climatology.nc.dds] [geogrid(SST,61,-82,38,-19,"TIME<1500")] 
[0:0:0:0:0:0:0:1] [-] [-] [2016-03-29T11:43:58.215 -0700] [    2 ms] [200] [     329] [LAST-MOD] [/opendap/hyrax/data/nc/coads_climatology.nc.das] [geogrid(SST,61,-82,38,-19,"TIME<1500")] 
[0:0:0:0:0:0:0:1] [-] [-] [2016-03-29T11:43:58.218 -0700] [    3 ms] [200] [     330] [HTTP-GET] [/opendap/hyrax/data/nc/coads_climatology.nc.das] [geogrid(SST,61,-82,38,-19,"TIME<1500")] 
[0:0:0:0:0:0:0:1] [-] [-] [2016-03-29T11:43:58.277 -0700] [    3 ms] [200] [     331] [LAST-MOD] [/opendap/hyrax/data/nc/coads_climatology.nc.html] [geogrid(SST,61,-82,38,-19,"TIME<1500")] 
[0:0:0:0:0:0:0:1] [-] [-] [2016-03-29T11:43:58.280 -0700] [    3 ms] [200] [     332] [HTTP-GET] [/opendap/hyrax/data/nc/coads_climatology.nc.html] [geogrid(SST,61,-82,38,-19,"TIME<1500")] 
[0:0:0:0:0:0:0:1] [-] [-] [2016-03-29T11:43:58.336 -0700] [    2 ms] [200] [     333] [LAST-MOD] [/opendap/hyrax/data/nc/coads_climatology.nc.info] [geogrid(SST,61,-82,38,-19,"TIME<1500")] 
[0:0:0:0:0:0:0:1] [-] [-] [2016-03-29T11:43:58.340 -0700] [    4 ms] [200] [     334] [HTTP-GET] [/opendap/hyrax/data/nc/coads_climatology.nc.info] [geogrid(SST,61,-82,38,-19,"TIME<1500")] 
[0:0:0:0:0:0:0:1] [-] [-] [2016-03-29T11:43:58.397 -0700] [    2 ms] [200] [     335] [LAST-MOD] [/opendap/hyrax/data/nc/coads_climatology.nc.ascii] [geogrid(SST,61,-82,38,-19,"TIME<1500")] 
[0:0:0:0:0:0:0:1] [-] [-] [2016-03-29T11:43:58.410 -0700] [   13 ms] [200] [     336] [HTTP-GET] [/opendap/hyrax/data/nc/coads_climatology.nc.ascii] [geogrid(SST,61,-82,38,-19,"TIME<1500")] 
[0:0:0:0:0:0:0:1] [-] [-] [2016-03-29T11:43:58.467 -0700] [    2 ms] [200] [     337] [LAST-MOD] [/opendap/hyrax/data/nc/coads_climatology.nc.dods] [geogrid(SST,61,-82,38,-19,"TIME<1500")] 
[0:0:0:0:0:0:0:1] [-] [-] [2016-03-29T11:43:58.474 -0700] [    7 ms] [200] [     338] [HTTP-GET] [/opendap/hyrax/data/nc/coads_climatology.nc.dods] [geogrid(SST,61,-82,38,-19,"TIME<1500")] 
[0:0:0:0:0:0:0:1] [-] [-] [2016-03-29T11:43:58.528 -0700] [    3 ms] [200] [     339] [LAST-MOD] [/opendap/hyrax/data/nc/coads_climatology.nc.dds] [geogrid(SST,379,-89,0,89)] 
[0:0:0:0:0:0:0:1] [-] [-] [2016-03-29T11:43:58.544 -0700] [   16 ms] [200] [     340] [HTTP-GET] [/opendap/hyrax/data/nc/coads_climatology.nc.dds] [geogrid(SST,379,-89,0,89)] 
[0:0:0:0:0:0:0:1] [-] [-] [2016-03-29T11:43:58.604 -0700] [    2 ms] [200] [     341] [LAST-MOD] [/opendap/hyrax/data/nc/coads_climatology.nc.das] [geogrid(SST,379,-89,0,89)] 
[0:0:0:0:0:0:0:1] [-] [-] [2016-03-29T11:43:58.607 -0700] [    3 ms] [200] [     342] [HTTP-GET] [/opendap/hyrax/data/nc/coads_climatology.nc.das] [geogrid(SST,379,-89,0,89)] 
[0:0:0:0:0:0:0:1] [-] [-] [2016-03-29T11:43:58.662 -0700] [    2 ms] [200] [     343] [LAST-MOD] [/opendap/hyrax/data/nc/coads_climatology.nc.html] [geogrid(SST,379,-89,0,89)] 
[0:0:0:0:0:0:0:1] [-] [-] [2016-03-29T11:43:58.668 -0700] [    5 ms] [200] [     344] [HTTP-GET] [/opendap/hyrax/data/nc/coads_climatology.nc.html] [geogrid(SST,379,-89,0,89)] 
[0:0:0:0:0:0:0:1] [-] [-] [2016-03-29T11:43:58.709 -0700] [    3 ms] [200] [     345] [LAST-MOD] [/opendap/hyrax/data/nc/coads_climatology.nc.info] [geogrid(SST,379,-89,0,89)] 
[0:0:0:0:0:0:0:1] [-] [-] [2016-03-29T11:43:58.713 -0700] [    4 ms] [200] [     346] [HTTP-GET] [/opendap/hyrax/data/nc/coads_climatology.nc.info] [geogrid(SST,379,-89,0,89)] 
[0:0:0:0:0:0:0:1] [-] [-] [2016-03-29T11:43:58.778 -0700] [    3 ms] [200] [     347] [LAST-MOD] [/opendap/hyrax/data/nc/coads_climatology.nc.ascii] [geogrid(SST,379,-89,0,89)] 
[0:0:0:0:0:0:0:1] [-] [-] [2016-03-29T11:43:58.828 -0700] [   50 ms] [200] [     348] [HTTP-GET] [/opendap/hyrax/data/nc/coads_climatology.nc.ascii] [geogrid(SST,379,-89,0,89)] 
[0:0:0:0:0:0:0:1] [-] [-] [2016-03-29T11:43:58.870 -0700] [    2 ms] [200] [     349] [LAST-MOD] [/opendap/hyrax/data/nc/coads_climatology.nc.dods] [geogrid(SST,379,-89,0,89)] 
[0:0:0:0:0:0:0:1] [-] [-] [2016-03-29T11:43:58.894 -0700] [   24 ms] [200] [     350] [HTTP-GET] [/opendap/hyrax/data/nc/coads_climatology.nc.dods] [geogrid(SST,379,-89,0,89)] 
[0:0:0:0:0:0:0:1] [-] [-] [2016-03-29T11:43:59.005 -0700] [    3 ms] [200] [     351] [LAST-MOD] [/opendap/hyrax/data/nc/fnoc1.nc.dds] [k] 
[0:0:0:0:0:0:0:1] [-] [-] [2016-03-29T11:43:59.014 -0700] [    9 ms] [400] [     352] [HTTP-GET] [/opendap/hyrax/data/nc/fnoc1.nc.dds] [k] 
[0:0:0:0:0:0:0:1] [-] [-] [2016-03-29T11:43:59.063 -0700] [    2 ms] [200] [     353] [LAST-MOD] [/opendap/hyrax/data/nc/fnoc1.nc.dods] [k] 
[0:0:0:0:0:0:0:1] [-] [-] [2016-03-29T11:43:59.068 -0700] [    5 ms] [400] [     354] [HTTP-GET] [/opendap/hyrax/data/nc/fnoc1.nc.dods] [k] 
[0:0:0:0:0:0:0:1] [-] [-] [2016-03-29T11:43:59.138 -0700] [    3 ms] [200] [     355] [LAST-MOD] [/opendap/hyrax/data/nc/fnoc1.nc.ascii] [k] 
[0:0:0:0:0:0:0:1] [-] [-] [2016-03-29T11:43:59.143 -0700] [    5 ms] [400] [     356] [HTTP-GET] [/opendap/hyrax/data/nc/fnoc1.nc.ascii] [k] 
[0:0:0:0:0:0:0:1] [-] [-] [2016-03-29T11:43:59.199 -0700] [    2 ms] [200] [     357] [LAST-MOD] [/opendap/hyrax/data/nc/fnoc1.nc.json] [k] 
[0:0:0:0:0:0:0:1] [-] [-] [2016-03-29T11:43:59.209 -0700] [   10 ms] [400] [     358] [HTTP-GET] [/opendap/hyrax/data/nc/fnoc1.nc.json] [k] 
[0:0:0:0:0:0:0:1] [-] [-] [2016-03-29T11:43:59.254 -0700] [    3 ms] [200] [     359] [LAST-MOD] [/opendap/hyrax/data/nc/fnoc1.nc.dmr] [dap4.ce=k] 
[0:0:0:0:0:0:0:1] [-] [-] [2016-03-29T11:43:59.267 -0700] [   13 ms] [400] [     360] [HTTP-GET] [/opendap/hyrax/data/nc/fnoc1.nc.dmr] [dap4.ce=k] 
[0:0:0:0:0:0:0:1] [-] [-] [2016-03-29T11:43:59.330 -0700] [    2 ms] [200] [     361] [LAST-MOD] [/opendap/hyrax/data/nc/fnoc1.nc.dmr.html] [dap4.ce=k] 
[0:0:0:0:0:0:0:1] [-] [-] [2016-03-29T11:43:59.336 -0700] [    5 ms] [400] [     362] [HTTP-GET] [/opendap/hyrax/data/nc/fnoc1.nc.dmr.html] [dap4.ce=k] 
[0:0:0:0:0:0:0:1] [-] [-] [2016-03-29T11:43:59.438 -0700] [    2 ms] [200] [     363] [LAST-MOD] [/opendap/hyrax/data/nc/fnoc1.nc.dap] [dap4.ce=k] 
[0:0:0:0:0:0:0:1] [-] [-] [2016-03-29T11:43:59.443 -0700] [    5 ms] [400] [     364] [HTTP-GET] [/opendap/hyrax/data/nc/fnoc1.nc.dap] [dap4.ce=k] 
[0:0:0:0:0:0:0:1] [-] [-] [2016-03-29T11:43:59.500 -0700] [    1 ms] [200] [     365] [LAST-MOD] [/opendap/hyrax/data/nc/fnoc1.nc.dap.csv] [dap4.ce=k] 
[0:0:0:0:0:0:0:1] [-] [-] [2016-03-29T11:43:59.504 -0700] [    4 ms] [400] [     366] [HTTP-GET] [/opendap/hyrax/data/nc/fnoc1.nc.dap.csv] [dap4.ce=k] 
[0:0:0:0:0:0:0:1] [-] [-] [2016-03-29T11:43:59.558 -0700] [    0 ms] [200] [       1] [LAST-MOD] [/opendap/w10n/data/nc/fnoc1.nc/k/] [] 
[0:0:0:0:0:0:0:1] [-] [-] [2016-03-29T11:43:59.607 -0700] [   49 ms] [400] [       2] [HTTP-GET] [/opendap/w10n/data/nc/fnoc1.nc/k/] [] 
[0:0:0:0:0:0:0:1] [-] [-] [2016-03-29T11:43:59.656 -0700] [    3 ms] [200] [     367] [LAST-MOD] [/opendap/hyrax/data/nc/fnoc1.nc.dds] [&uyvgdqwd] 
[0:0:0:0:0:0:0:1] [-] [-] [2016-03-29T11:43:59.660 -0700] [    4 ms] [400] [     368] [HTTP-GET] [/opendap/hyrax/data/nc/fnoc1.nc.dds] [&uyvgdqwd] 
[0:0:0:0:0:0:0:1] [-] [-] [2016-03-29T11:43:59.721 -0700] [    2 ms] [200] [     369] [LAST-MOD] [/opendap/hyrax/data/nc/fnoc1.nc.dods] [&uyvgdqwd] 
[0:0:0:0:0:0:0:1] [-] [-] [2016-03-29T11:43:59.725 -0700] [    4 ms] [400] [     370] [HTTP-GET] [/opendap/hyrax/data/nc/fnoc1.nc.dods] [&uyvgdqwd] 
[0:0:0:0:0:0:0:1] [-] [-] [2016-03-29T11:43:59.795 -0700] [    2 ms] [200] [     371] [LAST-MOD] [/opendap/hyrax/data/nc/fnoc1.nc.ascii] [&uyvgdqwd] 
[0:0:0:0:0:0:0:1] [-] [-] [2016-03-29T11:43:59.799 -0700] [    4 ms] [400] [     372] [HTTP-GET] [/opendap/hyrax/data/nc/fnoc1.nc.ascii] [&uyvgdqwd] 
[0:0:0:0:0:0:0:1] [-] [-] [2016-03-29T11:43:59.867 -0700] [    2 ms] [200] [     373] [LAST-MOD] [/opendap/hyrax/data/nc/fnoc1.nc.json] [&uyvgdqwd] 
[0:0:0:0:0:0:0:1] [-] [-] [2016-03-29T11:43:59.872 -0700] [    5 ms] [400] [     374] [HTTP-GET] [/opendap/hyrax/data/nc/fnoc1.nc.json] [&uyvgdqwd] 
[0:0:0:0:0:0:0:1] [-] [-] [2016-03-29T11:43:59.935 -0700] [    2 ms] [200] [     375] [LAST-MOD] [/opendap/hyrax/data/nc/fnoc1.nc.dmr] [dap4.ce=u,v] 
[0:0:0:0:0:0:0:1] [-] [-] [2016-03-29T11:43:59.941 -0700] [    5 ms] [400] [     376] [HTTP-GET] [/opendap/hyrax/data/nc/fnoc1.nc.dmr] [dap4.ce=u,v] 
[0:0:0:0:0:0:0:1] [-] [-] [2016-03-29T11:43:59.997 -0700] [    6 ms] [200] [     377] [LAST-MOD] [/opendap/hyrax/data/nc/fnoc1.nc.dmr.html] [dap4.ce=u,v] 
[0:0:0:0:0:0:0:1] [-] [-] [2016-03-29T11:44:00.002 -0700] [    5 ms] [400] [     378] [HTTP-GET] [/opendap/hyrax/data/nc/fnoc1.nc.dmr.html] [dap4.ce=u,v] 
[0:0:0:0:0:0:0:1] [-] [-] [2016-03-29T11:44:00.068 -0700] [    3 ms] [200] [     379] [LAST-MOD] [/opendap/hyrax/data/nc/fnoc1.nc.dap] [dap4.ce=u,v] 
[0:0:0:0:0:0:0:1] [-] [-] [2016-03-29T11:44:00.074 -0700] [    6 ms] [400] [     380] [HTTP-GET] [/opendap/hyrax/data/nc/fnoc1.nc.dap] [dap4.ce=u,v] 
[0:0:0:0:0:0:0:1] [-] [-] [2016-03-29T11:44:00.128 -0700] [    3 ms] [200] [     381] [LAST-MOD] [/opendap/hyrax/data/nc/fnoc1.nc.dap.csv] [dap4.ce=u,v] 
[0:0:0:0:0:0:0:1] [-] [-] [2016-03-29T11:44:00.136 -0700] [    8 ms] [400] [     382] [HTTP-GET] [/opendap/hyrax/data/nc/fnoc1.nc.dap.csv] [dap4.ce=u,v] 
[0:0:0:0:0:0:0:1] [-] [-] [2016-03-29T11:44:00.182 -0700] [    0 ms] [200] [       3] [LAST-MOD] [/opendap/w10n/data/nc/fnoc1.nc/u[]] [output=ascii] 
[0:0:0:0:0:0:0:1] [-] [-] [2016-03-29T11:44:00.190 -0700] [    8 ms] [406] [       4] [HTTP-GET] [/opendap/w10n/data/nc/fnoc1.nc/u[]] [output=ascii] 
[0:0:0:0:0:0:0:1] [-] [-] [2016-03-29T11:44:00.278 -0700] [    3 ms] [200] [     383] [LAST-MOD] [/opendap/hyrax/data/nc/fnoc1.nc.dds] [error(1)] 
[0:0:0:0:0:0:0:1] [-] [-] [2016-03-29T11:44:00.292 -0700] [   14 ms] [500] [     384] [HTTP-GET] [/opendap/hyrax/data/nc/fnoc1.nc.dds] [error(1)] 
[0:0:0:0:0:0:0:1] [-] [-] [2016-03-29T11:44:00.357 -0700] [    2 ms] [200] [     385] [LAST-MOD] [/opendap/hyrax/data/nc/fnoc1.nc.ascii] [error(1)] 
[0:0:0:0:0:0:0:1] [-] [-] [2016-03-29T11:44:00.362 -0700] [    4 ms] [500] [     386] [HTTP-GET] [/opendap/hyrax/data/nc/fnoc1.nc.ascii] [error(1)] 
[0:0:0:0:0:0:0:1] [-] [-] [2016-03-29T11:44:00.436 -0700] [    2 ms] [200] [     387] [LAST-MOD] [/opendap/hyrax/data/nc/fnoc1.nc.dods] [error(1)] 
[0:0:0:0:0:0:0:1] [-] [-] [2016-03-29T11:44:00.441 -0700] [    5 ms] [500] [     388] [HTTP-GET] [/opendap/hyrax/data/nc/fnoc1.nc.dods] [error(1)] 
[0:0:0:0:0:0:0:1] [-] [-] [2016-03-29T11:44:00.506 -0700] [    2 ms] [200] [     389] [LAST-MOD] [/opendap/hyrax/data/nc/fnoc1.nc.json] [error(1)] 
[0:0:0:0:0:0:0:1] [-] [-] [2016-03-29T11:44:00.510 -0700] [    4 ms] [500] [     390] [HTTP-GET] [/opendap/hyrax/data/nc/fnoc1.nc.json] [error(1)] 
[0:0:0:0:0:0:0:1] [-] [-] [2016-03-29T11:44:00.569 -0700] [    3 ms] [200] [     391] [LAST-MOD] [/opendap/hyrax/data/nc/fnoc1.nc.dds] [error(2)] 
[0:0:0:0:0:0:0:1] [-] [-] [2016-03-29T11:44:00.574 -0700] [    5 ms] [500] [     392] [HTTP-GET] [/opendap/hyrax/data/nc/fnoc1.nc.dds] [error(2)] 
[0:0:0:0:0:0:0:1] [-] [-] [2016-03-29T11:44:00.643 -0700] [    8 ms] [200] [     393] [LAST-MOD] [/opendap/hyrax/data/nc/fnoc1.nc.ascii] [error(2)] 
[0:0:0:0:0:0:0:1] [-] [-] [2016-03-29T11:44:00.649 -0700] [    6 ms] [500] [     394] [HTTP-GET] [/opendap/hyrax/data/nc/fnoc1.nc.ascii] [error(2)] 
[0:0:0:0:0:0:0:1] [-] [-] [2016-03-29T11:44:00.713 -0700] [    3 ms] [200] [     395] [LAST-MOD] [/opendap/hyrax/data/nc/fnoc1.nc.dods] [error(2)] 
[0:0:0:0:0:0:0:1] [-] [-] [2016-03-29T11:44:00.723 -0700] [   10 ms] [500] [     396] [HTTP-GET] [/opendap/hyrax/data/nc/fnoc1.nc.dods] [error(2)] 
[0:0:0:0:0:0:0:1] [-] [-] [2016-03-29T11:44:00.824 -0700] [   51 ms] [200] [     397] [LAST-MOD] [/opendap/hyrax/data/nc/fnoc1.nc.json] [error(2)] 
[0:0:0:0:0:0:0:1] [-] [-] [2016-03-29T11:44:00.829 -0700] [    5 ms] [500] [     398] [HTTP-GET] [/opendap/hyrax/data/nc/fnoc1.nc.json] [error(2)] 
[0:0:0:0:0:0:0:1] [-] [-] [2016-03-29T11:44:00.872 -0700] [    4 ms] [200] [     399] [LAST-MOD] [/opendap/hyrax/data/nc/fnoc1.nc.dds] [error(3)] 
[0:0:0:0:0:0:0:1] [-] [-] [2016-03-29T11:44:00.879 -0700] [    7 ms] [400] [     400] [HTTP-GET] [/opendap/hyrax/data/nc/fnoc1.nc.dds] [error(3)] 
[0:0:0:0:0:0:0:1] [-] [-] [2016-03-29T11:44:00.934 -0700] [    2 ms] [200] [     401] [LAST-MOD] [/opendap/hyrax/data/nc/fnoc1.nc.ascii] [error(3)] 
[0:0:0:0:0:0:0:1] [-] [-] [2016-03-29T11:44:00.939 -0700] [    5 ms] [400] [     402] [HTTP-GET] [/opendap/hyrax/data/nc/fnoc1.nc.ascii] [error(3)] 
[0:0:0:0:0:0:0:1] [-] [-] [2016-03-29T11:44:01.007 -0700] [    2 ms] [200] [     403] [LAST-MOD] [/opendap/hyrax/data/nc/fnoc1.nc.dods] [error(3)] 
[0:0:0:0:0:0:0:1] [-] [-] [2016-03-29T11:44:01.016 -0700] [    9 ms] [400] [     404] [HTTP-GET] [/opendap/hyrax/data/nc/fnoc1.nc.dods] [error(3)] 
[0:0:0:0:0:0:0:1] [-] [-] [2016-03-29T11:44:01.077 -0700] [    2 ms] [200] [     405] [LAST-MOD] [/opendap/hyrax/data/nc/fnoc1.nc.json] [error(3)] 
[0:0:0:0:0:0:0:1] [-] [-] [2016-03-29T11:44:01.082 -0700] [    5 ms] [400] [     406] [HTTP-GET] [/opendap/hyrax/data/nc/fnoc1.nc.json] [error(3)] 
[0:0:0:0:0:0:0:1] [-] [-] [2016-03-29T11:44:01.149 -0700] [    2 ms] [200] [     407] [LAST-MOD] [/opendap/hyrax/data/nc/fnoc1.nc.dds] [error(4)] 
[0:0:0:0:0:0:0:1] [-] [-] [2016-03-29T11:44:01.154 -0700] [    5 ms] [403] [     408] [HTTP-GET] [/opendap/hyrax/data/nc/fnoc1.nc.dds] [error(4)] 
[0:0:0:0:0:0:0:1] [-] [-] [2016-03-29T11:44:01.211 -0700] [    2 ms] [200] [     409] [LAST-MOD] [/opendap/hyrax/data/nc/fnoc1.nc.ascii] [error(4)] 
[0:0:0:0:0:0:0:1] [-] [-] [2016-03-29T11:44:01.216 -0700] [    5 ms] [403] [     410] [HTTP-GET] [/opendap/hyrax/data/nc/fnoc1.nc.ascii] [error(4)] 
[0:0:0:0:0:0:0:1] [-] [-] [2016-03-29T11:44:01.278 -0700] [    3 ms] [200] [     411] [LAST-MOD] [/opendap/hyrax/data/nc/fnoc1.nc.dods] [error(4)] 
[0:0:0:0:0:0:0:1] [-] [-] [2016-03-29T11:44:01.285 -0700] [    7 ms] [403] [     412] [HTTP-GET] [/opendap/hyrax/data/nc/fnoc1.nc.dods] [error(4)] 
[0:0:0:0:0:0:0:1] [-] [-] [2016-03-29T11:44:01.346 -0700] [    1 ms] [200] [     413] [LAST-MOD] [/opendap/hyrax/data/nc/fnoc1.nc.json] [error(4)] 
[0:0:0:0:0:0:0:1] [-] [-] [2016-03-29T11:44:01.351 -0700] [    5 ms] [403] [     414] [HTTP-GET] [/opendap/hyrax/data/nc/fnoc1.nc.json] [error(4)] 
[0:0:0:0:0:0:0:1] [-] [-] [2016-03-29T11:44:01.401 -0700] [    6 ms] [200] [     415] [LAST-MOD] [/opendap/hyrax/data/nc/fnoc1.nc.dds] [error(5)] 
[0:0:0:0:0:0:0:1] [-] [-] [2016-03-29T11:44:01.410 -0700] [    9 ms] [404] [     416] [HTTP-GET] [/opendap/hyrax/data/nc/fnoc1.nc.dds] [error(5)] 
[0:0:0:0:0:0:0:1] [-] [-] [2016-03-29T11:44:01.458 -0700] [    2 ms] [200] [     417] [LAST-MOD] [/opendap/hyrax/data/nc/fnoc1.nc.ascii] [error(5)] 
[0:0:0:0:0:0:0:1] [-] [-] [2016-03-29T11:44:01.462 -0700] [    4 ms] [404] [     418] [HTTP-GET] [/opendap/hyrax/data/nc/fnoc1.nc.ascii] [error(5)] 
[0:0:0:0:0:0:0:1] [-] [-] [2016-03-29T11:44:01.523 -0700] [    2 ms] [200] [     419] [LAST-MOD] [/opendap/hyrax/data/nc/fnoc1.nc.dods] [error(5)] 
[0:0:0:0:0:0:0:1] [-] [-] [2016-03-29T11:44:01.527 -0700] [    4 ms] [404] [     420] [HTTP-GET] [/opendap/hyrax/data/nc/fnoc1.nc.dods] [error(5)] 
[0:0:0:0:0:0:0:1] [-] [-] [2016-03-29T11:44:01.586 -0700] [    2 ms] [200] [     421] [LAST-MOD] [/opendap/hyrax/data/nc/fnoc1.nc.json] [error(5)] 
[0:0:0:0:0:0:0:1] [-] [-] [2016-03-29T11:44:01.590 -0700] [    4 ms] [404] [     422] [HTTP-GET] [/opendap/hyrax/data/nc/fnoc1.nc.json] [error(5)] 
[0:0:0:0:0:0:0:1] [-] [-] [2016-03-29T11:44:01.644 -0700] [    2 ms] [200] [     423] [LAST-MOD] [/opendap/hyrax/data/nc/fnoc1.nc.dds] [error(6)] 
[0:0:0:0:0:0:0:1] [-] [-] [2016-03-29T11:44:01.649 -0700] [    5 ms] [418] [     424] [HTTP-GET] [/opendap/hyrax/data/nc/fnoc1.nc.dds] [error(6)] 
[0:0:0:0:0:0:0:1] [-] [-] [2016-03-29T11:44:01.716 -0700] [    7 ms] [200] [     425] [LAST-MOD] [/opendap/hyrax/data/nc/fnoc1.nc.ascii] [error(6)] 
[0:0:0:0:0:0:0:1] [-] [-] [2016-03-29T11:44:01.722 -0700] [    6 ms] [418] [     426] [HTTP-GET] [/opendap/hyrax/data/nc/fnoc1.nc.ascii] [error(6)] 
[0:0:0:0:0:0:0:1] [-] [-] [2016-03-29T11:44:01.766 -0700] [    3 ms] [200] [     427] [LAST-MOD] [/opendap/hyrax/data/nc/fnoc1.nc.dods] [error(6)] 
[0:0:0:0:0:0:0:1] [-] [-] [2016-03-29T11:44:01.779 -0700] [   13 ms] [418] [     428] [HTTP-GET] [/opendap/hyrax/data/nc/fnoc1.nc.dods] [error(6)] 
[0:0:0:0:0:0:0:1] [-] [-] [2016-03-29T11:44:01.835 -0700] [    3 ms] [200] [     429] [LAST-MOD] [/opendap/hyrax/data/nc/fnoc1.nc.json] [error(6)] 
[0:0:0:0:0:0:0:1] [-] [-] [2016-03-29T11:44:01.840 -0700] [    5 ms] [418] [     430] [HTTP-GET] [/opendap/hyrax/data/nc/fnoc1.nc.json] [error(6)] 
