[Mozilla/5.0 ...] [-] [2016-06-23T17:48:04.595 +0100] [   59 ms] [200] [       1] [GET] [/opendap/hyrax/] [] 
[Mozilla/5.0 ...] [-] [2016-06-23T17:48:04.599 +0100] [   63 ms] [200] [       1] [GET] [/opendap/hyrax/] [] 
[Mozilla/5.0 ...] [-] [2016-06-23T17:48:05.518 +0100] [    4 ms] [200] [       1] [GET] [/opendap/docs/images/logo.gif] [] 
[Mozilla/5.0 ...] [-] [2016-06-23T17:48:05.544 +0100] [    2 ms] [200] [       2] [GET] [/opendap/docs/images/nsf-logo.png] [] 
[Mozilla/5.0 ...] [-] [2016-06-23T17:48:05.545 +0100] [    0 ms] [200] [       3] [GET] [/opendap/docs/images/nasa-logo.jpg] [] 
[Mozilla/5.0 ...] [-] [2016-06-23T17:48:05.551 +0100] [    2 ms] [200] [       4] [GET] [/opendap/docs/images/noaa-logo.jpg] [] 
[Mozilla/5.0 ...] [-] [2016-06-23T17:50:08.456 +0100] [   50 ms] [200] [       1] [GET] [/opendap/hyrax/] [] 
[Mozilla/5.0 ...] [-] [2016-06-23T17:50:08.563 +0100] [  105 ms] [200] [       2] [GET] [/opendap/hyrax/] [] 
[Mozilla/5.0 ...] [366DFB37E0D4D83BE7C70266B74F267D] [2016-06-23T17:50:10.534 +0100] [   11 ms] [200] [       3] [GET] [/opendap/hyrax/data/contents.html] [] 
[Mozilla/5.0 ...] [366DFB37E0D4D83BE7C70266B74F267D] [2016-06-23T17:50:10.594 +0100] [   59 ms] [200] [       4] [GET] [/opendap/hyrax/data/contents.html] [] 
[Mozilla/5.0 ...] [366DFB37E0D4D83BE7C70266B74F267D] [2016-06-23T17:50:13.545 +0100] [   16 ms] [200] [       5] [GET] [/opendap/hyrax/data/nc/contents.html] [] 
[Mozilla/5.0 ...] [366DFB37E0D4D83BE7C70266B74F267D] [2016-06-23T17:50:13.601 +0100] [   55 ms] [200] [       6] [GET] [/opendap/hyrax/data/nc/contents.html] [] 
[Mozilla/5.0 ...] [366DFB37E0D4D83BE7C70266B74F267D] [2016-06-23T17:50:15.133 +0100] [    6 ms] [200] [       7] [GET] [/opendap/hyrax/data/nc/coads_climatology.nc.html] [] 
[Mozilla/5.0 ...] [366DFB37E0D4D83BE7C70266B74F267D] [2016-06-23T17:50:15.186 +0100] [   52 ms] [200] [       8] [GET] [/opendap/hyrax/data/nc/coads_climatology.nc.html] [] 
[Mozilla/5.0 ...] [366DFB37E0D4D83BE7C70266B74F267D] [2016-06-23T17:50:18.034 +0100] [    2 ms] [200] [       9] [GET] [/opendap/hyrax/data/nc/coads_climatology.nc.ascii] [COADSX[0:1:179]] 
[Mozilla/5.0 ...] [366DFB37E0D4D83BE7C70266B74F267D] [2016-06-23T17:50:18.055 +0100] [   19 ms] [200] [      10] [GET] [/opendap/hyrax/data/nc/coads_climatology.nc.ascii] [COADSX[0:1:179]] 
[Mozilla/5.0 ...] [366DFB37E0D4D83BE7C70266B74F267D] [2016-06-23T17:50:27.449 +0100] [    1 ms] [200] [      11] [GET] [/opendap/hyrax/data/nc/coads_climatology.nc.dods] [COADSX[0:1:179],COADSY[0:1:89],TIME[0:1:11]] 
[Mozilla/5.0 ...] [366DFB37E0D4D83BE7C70266B74F267D] [2016-06-23T17:50:27.468 +0100] [   19 ms] [200] [      12] [GET] [/opendap/hyrax/data/nc/coads_climatology.nc.dods] [COADSX[0:1:179],COADSY[0:1:89],TIME[0:1:11]] 


[Mozilla/5.0 ...] [-] [2017-10-07T02:28:27.542 -0600] [    1 ms] [200] [      15] [GET] [/opendap/hyrax/] [] 
[Mozilla/5.0 ...] [-] [2017-10-07T02:28:27.601 -0600] [   54 ms] [200] [      16] [GET] [/opendap/hyrax/] [] 
[Mozilla/5.0 ...] [82A88E5225D10EED24A9BDC9FCC9AD5A] [2017-10-07T02:28:30.301 -0600] [    0 ms] [200] [      17] [GET] [/opendap/hyrax/data/contents.html] [] 
[Mozilla/5.0 ...] [82A88E5225D10EED24A9BDC9FCC9AD5A] [2017-10-07T02:28:30.327 -0600] [   25 ms] [200] [      18] [GET] [/opendap/hyrax/data/contents.html] [] 
[Mozilla/5.0 ...] [82A88E5225D10EED24A9BDC9FCC9AD5A] [2017-10-07T02:28:32.033 -0600] [    0 ms] [200] [      19] [GET] [/opendap/hyrax/data/gdal/contents.html] [] 
[Mozilla/5.0 ...] [82A88E5225D10EED24A9BDC9FCC9AD5A] [2017-10-07T02:28:32.057 -0600] [   24 ms] [200] [      20] [GET] [/opendap/hyrax/data/gdal/contents.html] [] 
[Mozilla/5.0 ...] [82A88E5225D10EED24A9BDC9FCC9AD5A] [2017-10-07T02:28:33.683 -0600] [    9 ms] [200] [      21] [GET] [/opendap/hyrax/data/gdal/SP27GTIF.TIF.html] [] 
[Mozilla/5.0 ...] [82A88E5225D10EED24A9BDC9FCC9AD5A] [2017-10-07T02:28:33.719 -0600] [   36 ms] [200] [      22] [GET] [/opendap/hyrax/data/gdal/SP27GTIF.TIF.html] [] 
[Mozilla/5.0 ...] [82A88E5225D10EED24A9BDC9FCC9AD5A] [2017-10-07T02:28:48.288 -0600] [    1 ms] [200] [      23] [GET] [/opendap/hyrax/data/gdal/SP27GTIF.TIF.ascii] [band_1[0:10:928][0:10:698]] 
[Mozilla/5.0 ...] [82A88E5225D10EED24A9BDC9FCC9AD5A] [2017-10-07T02:28:48.314 -0600] [   26 ms] [200] [      24] [GET] [/opendap/hyrax/data/gdal/SP27GTIF.TIF.ascii] [band_1[0:10:928][0:10:698]] 
